running egg_info
creating build/status_panel/status_panel.egg-info
writing build/status_panel/status_panel.egg-info/PKG-INFO
writing dependency_links to build/status_panel/status_panel.egg-info/dependency_links.txt
writing entry points to build/status_panel/status_panel.egg-info/entry_points.txt
writing requirements to build/status_panel/status_panel.egg-info/requires.txt
writing top-level names to build/status_panel/status_panel.egg-info/top_level.txt
writing manifest file 'build/status_panel/status_panel.egg-info/SOURCES.txt'
reading manifest file 'build/status_panel/status_panel.egg-info/SOURCES.txt'
writing manifest file 'build/status_panel/status_panel.egg-info/SOURCES.txt'
running build
running build_py
creating /home/pitosalas/linorobot2_ws/src/status_panel/build/status_panel/build
creating /home/pitosalas/linorobot2_ws/src/status_panel/build/status_panel/build/lib
creating /home/pitosalas/linorobot2_ws/src/status_panel/build/status_panel/build/lib/status_panel
copying status_panel/status_panel_node.py -> /home/pitosalas/linorobot2_ws/src/status_panel/build/status_panel/build/lib/status_panel
copying status_panel/__init__.py -> /home/pitosalas/linorobot2_ws/src/status_panel/build/status_panel/build/lib/status_panel
copying status_panel/display_ros.py -> /home/pitosalas/linorobot2_ws/src/status_panel/build/status_panel/build/lib/status_panel
copying status_panel/test_import.py -> /home/pitosalas/linorobot2_ws/src/status_panel/build/status_panel/build/lib/status_panel
creating /home/pitosalas/linorobot2_ws/src/status_panel/build/status_panel/build/lib/status_panel/test_lib
copying status_panel/test_lib/test_func.py -> /home/pitosalas/linorobot2_ws/src/status_panel/build/status_panel/build/lib/status_panel/test_lib
copying status_panel/test_lib/__init__.py -> /home/pitosalas/linorobot2_ws/src/status_panel/build/status_panel/build/lib/status_panel/test_lib
creating /home/pitosalas/linorobot2_ws/src/status_panel/build/status_panel/build/lib/status_panel/qwiic_micro_oled
copying status_panel/qwiic_micro_oled/oled_logos.py -> /home/pitosalas/linorobot2_ws/src/status_panel/build/status_panel/build/lib/status_panel/qwiic_micro_oled
copying status_panel/qwiic_micro_oled/qwiic_oled_base.py -> /home/pitosalas/linorobot2_ws/src/status_panel/build/status_panel/build/lib/status_panel/qwiic_micro_oled
copying status_panel/qwiic_micro_oled/qwiic_oled_display.py -> /home/pitosalas/linorobot2_ws/src/status_panel/build/status_panel/build/lib/status_panel/qwiic_micro_oled
copying status_panel/qwiic_micro_oled/__init__.py -> /home/pitosalas/linorobot2_ws/src/status_panel/build/status_panel/build/lib/status_panel/qwiic_micro_oled
copying status_panel/qwiic_micro_oled/oled_fonts.py -> /home/pitosalas/linorobot2_ws/src/status_panel/build/status_panel/build/lib/status_panel/qwiic_micro_oled
copying status_panel/qwiic_micro_oled/qwiic_micro_oled.py -> /home/pitosalas/linorobot2_ws/src/status_panel/build/status_panel/build/lib/status_panel/qwiic_micro_oled
copying status_panel/qwiic_micro_oled/qwiic_large_oled.py -> /home/pitosalas/linorobot2_ws/src/status_panel/build/status_panel/build/lib/status_panel/qwiic_micro_oled
running install
running install_lib
creating /home/pitosalas/linorobot2_ws/src/status_panel/install/status_panel/lib/python3.12/site-packages/status_panel
creating /home/pitosalas/linorobot2_ws/src/status_panel/install/status_panel/lib/python3.12/site-packages/status_panel/test_lib
copying /home/pitosalas/linorobot2_ws/src/status_panel/build/status_panel/build/lib/status_panel/test_lib/test_func.py -> /home/pitosalas/linorobot2_ws/src/status_panel/install/status_panel/lib/python3.12/site-packages/status_panel/test_lib
copying /home/pitosalas/linorobot2_ws/src/status_panel/build/status_panel/build/lib/status_panel/test_lib/__init__.py -> /home/pitosalas/linorobot2_ws/src/status_panel/install/status_panel/lib/python3.12/site-packages/status_panel/test_lib
copying /home/pitosalas/linorobot2_ws/src/status_panel/build/status_panel/build/lib/status_panel/status_panel_node.py -> /home/pitosalas/linorobot2_ws/src/status_panel/install/status_panel/lib/python3.12/site-packages/status_panel
creating /home/pitosalas/linorobot2_ws/src/status_panel/install/status_panel/lib/python3.12/site-packages/status_panel/qwiic_micro_oled
copying /home/pitosalas/linorobot2_ws/src/status_panel/build/status_panel/build/lib/status_panel/qwiic_micro_oled/oled_logos.py -> /home/pitosalas/linorobot2_ws/src/status_panel/install/status_panel/lib/python3.12/site-packages/status_panel/qwiic_micro_oled
copying /home/pitosalas/linorobot2_ws/src/status_panel/build/status_panel/build/lib/status_panel/qwiic_micro_oled/qwiic_oled_base.py -> /home/pitosalas/linorobot2_ws/src/status_panel/install/status_panel/lib/python3.12/site-packages/status_panel/qwiic_micro_oled
copying /home/pitosalas/linorobot2_ws/src/status_panel/build/status_panel/build/lib/status_panel/qwiic_micro_oled/qwiic_oled_display.py -> /home/pitosalas/linorobot2_ws/src/status_panel/install/status_panel/lib/python3.12/site-packages/status_panel/qwiic_micro_oled
copying /home/pitosalas/linorobot2_ws/src/status_panel/build/status_panel/build/lib/status_panel/qwiic_micro_oled/__init__.py -> /home/pitosalas/linorobot2_ws/src/status_panel/install/status_panel/lib/python3.12/site-packages/status_panel/qwiic_micro_oled
copying /home/pitosalas/linorobot2_ws/src/status_panel/build/status_panel/build/lib/status_panel/qwiic_micro_oled/oled_fonts.py -> /home/pitosalas/linorobot2_ws/src/status_panel/install/status_panel/lib/python3.12/site-packages/status_panel/qwiic_micro_oled
copying /home/pitosalas/linorobot2_ws/src/status_panel/build/status_panel/build/lib/status_panel/qwiic_micro_oled/qwiic_micro_oled.py -> /home/pitosalas/linorobot2_ws/src/status_panel/install/status_panel/lib/python3.12/site-packages/status_panel/qwiic_micro_oled
copying /home/pitosalas/linorobot2_ws/src/status_panel/build/status_panel/build/lib/status_panel/qwiic_micro_oled/qwiic_large_oled.py -> /home/pitosalas/linorobot2_ws/src/status_panel/install/status_panel/lib/python3.12/site-packages/status_panel/qwiic_micro_oled
copying /home/pitosalas/linorobot2_ws/src/status_panel/build/status_panel/build/lib/status_panel/__init__.py -> /home/pitosalas/linorobot2_ws/src/status_panel/install/status_panel/lib/python3.12/site-packages/status_panel
copying /home/pitosalas/linorobot2_ws/src/status_panel/build/status_panel/build/lib/status_panel/display_ros.py -> /home/pitosalas/linorobot2_ws/src/status_panel/install/status_panel/lib/python3.12/site-packages/status_panel
copying /home/pitosalas/linorobot2_ws/src/status_panel/build/status_panel/build/lib/status_panel/test_import.py -> /home/pitosalas/linorobot2_ws/src/status_panel/install/status_panel/lib/python3.12/site-packages/status_panel
byte-compiling /home/pitosalas/linorobot2_ws/src/status_panel/install/status_panel/lib/python3.12/site-packages/status_panel/test_lib/test_func.py to test_func.cpython-312.pyc
byte-compiling /home/pitosalas/linorobot2_ws/src/status_panel/install/status_panel/lib/python3.12/site-packages/status_panel/test_lib/__init__.py to __init__.cpython-312.pyc
byte-compiling /home/pitosalas/linorobot2_ws/src/status_panel/install/status_panel/lib/python3.12/site-packages/status_panel/status_panel_node.py to status_panel_node.cpython-312.pyc
byte-compiling /home/pitosalas/linorobot2_ws/src/status_panel/install/status_panel/lib/python3.12/site-packages/status_panel/qwiic_micro_oled/oled_logos.py to oled_logos.cpython-312.pyc
byte-compiling /home/pitosalas/linorobot2_ws/src/status_panel/install/status_panel/lib/python3.12/site-packages/status_panel/qwiic_micro_oled/qwiic_oled_base.py to qwiic_oled_base.cpython-312.pyc
byte-compiling /home/pitosalas/linorobot2_ws/src/status_panel/install/status_panel/lib/python3.12/site-packages/status_panel/qwiic_micro_oled/qwiic_oled_display.py to qwiic_oled_display.cpython-312.pyc
byte-compiling /home/pitosalas/linorobot2_ws/src/status_panel/install/status_panel/lib/python3.12/site-packages/status_panel/qwiic_micro_oled/__init__.py to __init__.cpython-312.pyc
byte-compiling /home/pitosalas/linorobot2_ws/src/status_panel/install/status_panel/lib/python3.12/site-packages/status_panel/qwiic_micro_oled/oled_fonts.py to oled_fonts.cpython-312.pyc
byte-compiling /home/pitosalas/linorobot2_ws/src/status_panel/install/status_panel/lib/python3.12/site-packages/status_panel/qwiic_micro_oled/qwiic_micro_oled.py to qwiic_micro_oled.cpython-312.pyc
byte-compiling /home/pitosalas/linorobot2_ws/src/status_panel/install/status_panel/lib/python3.12/site-packages/status_panel/qwiic_micro_oled/qwiic_large_oled.py to qwiic_large_oled.cpython-312.pyc
byte-compiling /home/pitosalas/linorobot2_ws/src/status_panel/install/status_panel/lib/python3.12/site-packages/status_panel/__init__.py to __init__.cpython-312.pyc
byte-compiling /home/pitosalas/linorobot2_ws/src/status_panel/install/status_panel/lib/python3.12/site-packages/status_panel/display_ros.py to display_ros.cpython-312.pyc
byte-compiling /home/pitosalas/linorobot2_ws/src/status_panel/install/status_panel/lib/python3.12/site-packages/status_panel/test_import.py to test_import.cpython-312.pyc
running install_data
creating /home/pitosalas/linorobot2_ws/src/status_panel/install/status_panel/share/ament_index
creating /home/pitosalas/linorobot2_ws/src/status_panel/install/status_panel/share/ament_index/resource_index
creating /home/pitosalas/linorobot2_ws/src/status_panel/install/status_panel/share/ament_index/resource_index/packages
copying resource/status_panel -> /home/pitosalas/linorobot2_ws/src/status_panel/install/status_panel/share/ament_index/resource_index/packages
copying package.xml -> /home/pitosalas/linorobot2_ws/src/status_panel/install/status_panel/share/status_panel
running install_egg_info
Copying build/status_panel/status_panel.egg-info to /home/pitosalas/linorobot2_ws/src/status_panel/install/status_panel/lib/python3.12/site-packages/status_panel-0.1.0-py3.12.egg-info
running install_scripts
Installing display_ros script to /home/pitosalas/linorobot2_ws/src/status_panel/install/status_panel/lib/status_panel
Installing status_panel_node script to /home/pitosalas/linorobot2_ws/src/status_panel/install/status_panel/lib/status_panel
Installing test_import script to /home/pitosalas/linorobot2_ws/src/status_panel/install/status_panel/lib/status_panel
writing list of installed files to '/home/pitosalas/linorobot2_ws/src/status_panel/build/status_panel/install.log'
