/home/pitosalas/linorobot2_ws/src/status_panel/install/status_panel/lib/python3.12/site-packages/status_panel/display2.py
/home/pitosalas/linorobot2_ws/src/status_panel/install/status_panel/lib/python3.12/site-packages/status_panel/status_panel_node.py
/home/pitosalas/linorobot2_ws/src/status_panel/install/status_panel/lib/python3.12/site-packages/status_panel/display1.py
/home/pitosalas/linorobot2_ws/src/status_panel/install/status_panel/lib/python3.12/site-packages/status_panel/demo.py
/home/pitosalas/linorobot2_ws/src/status_panel/install/status_panel/lib/python3.12/site-packages/status_panel/__init__.py
/home/pitosalas/linorobot2_ws/src/status_panel/install/status_panel/lib/python3.12/site-packages/status_panel/install/setup.ps1
/home/pitosalas/linorobot2_ws/src/status_panel/install/status_panel/lib/python3.12/site-packages/status_panel/install/local_setup.sh
/home/pitosalas/linorobot2_ws/src/status_panel/install/status_panel/lib/python3.12/site-packages/status_panel/install/_local_setup_util_sh.py
/home/pitosalas/linorobot2_ws/src/status_panel/install/status_panel/lib/python3.12/site-packages/status_panel/install/setup.bash
/home/pitosalas/linorobot2_ws/src/status_panel/install/status_panel/lib/python3.12/site-packages/status_panel/install/setup.zsh
/home/pitosalas/linorobot2_ws/src/status_panel/install/status_panel/lib/python3.12/site-packages/status_panel/install/local_setup.zsh
/home/pitosalas/linorobot2_ws/src/status_panel/install/status_panel/lib/python3.12/site-packages/status_panel/install/local_setup.bash
/home/pitosalas/linorobot2_ws/src/status_panel/install/status_panel/lib/python3.12/site-packages/status_panel/install/COLCON_IGNORE
/home/pitosalas/linorobot2_ws/src/status_panel/install/status_panel/lib/python3.12/site-packages/status_panel/install/_local_setup_util_ps1.py
/home/pitosalas/linorobot2_ws/src/status_panel/install/status_panel/lib/python3.12/site-packages/status_panel/install/local_setup.ps1
/home/pitosalas/linorobot2_ws/src/status_panel/install/status_panel/lib/python3.12/site-packages/status_panel/install/setup.sh
/home/pitosalas/linorobot2_ws/src/status_panel/install/status_panel/lib/python3.12/site-packages/status_panel/qwiic_oled_base_py/LICENSE
/home/pitosalas/linorobot2_ws/src/status_panel/install/status_panel/lib/python3.12/site-packages/status_panel/qwiic_oled_base_py/MANIFEST.in
/home/pitosalas/linorobot2_ws/src/status_panel/install/status_panel/lib/python3.12/site-packages/status_panel/qwiic_oled_base_py/DESCRIPTION.rst
/home/pitosalas/linorobot2_ws/src/status_panel/install/status_panel/lib/python3.12/site-packages/status_panel/qwiic_oled_base_py/requirements.txt
/home/pitosalas/linorobot2_ws/src/status_panel/install/status_panel/lib/python3.12/site-packages/status_panel/qwiic_oled_base_py/package.json
/home/pitosalas/linorobot2_ws/src/status_panel/install/status_panel/lib/python3.12/site-packages/status_panel/qwiic_oled_base_py/pyproject.toml
/home/pitosalas/linorobot2_ws/src/status_panel/install/status_panel/lib/python3.12/site-packages/status_panel/qwiic_oled_base_py/README.md
/home/pitosalas/linorobot2_ws/src/status_panel/install/status_panel/lib/python3.12/site-packages/status_panel/qwiic_oled_base_py/examples/ex3_demo.py
/home/pitosalas/linorobot2_ws/src/status_panel/install/status_panel/lib/python3.12/site-packages/status_panel/qwiic_oled_base_py/examples/ex2_hello_world.py
/home/pitosalas/linorobot2_ws/src/status_panel/install/status_panel/lib/python3.12/site-packages/status_panel/qwiic_oled_base_py/examples/ex5_micro_bitmap.py
/home/pitosalas/linorobot2_ws/src/status_panel/install/status_panel/lib/python3.12/site-packages/status_panel/qwiic_oled_base_py/examples/ex1_splash_screen.py
/home/pitosalas/linorobot2_ws/src/status_panel/install/status_panel/lib/python3.12/site-packages/status_panel/qwiic_oled_base_py/examples/README.md
/home/pitosalas/linorobot2_ws/src/status_panel/install/status_panel/lib/python3.12/site-packages/status_panel/qwiic_oled_base_py/examples/ex4_cube.py
/home/pitosalas/linorobot2_ws/src/status_panel/install/status_panel/lib/python3.12/site-packages/status_panel/qwiic_oled_base_py/qwiic_oled/oled_logos.py
/home/pitosalas/linorobot2_ws/src/status_panel/install/status_panel/lib/python3.12/site-packages/status_panel/qwiic_oled_base_py/qwiic_oled/qwiic_oled_base.py
/home/pitosalas/linorobot2_ws/src/status_panel/install/status_panel/lib/python3.12/site-packages/status_panel/qwiic_oled_base_py/qwiic_oled/qwiic_oled_display.py
/home/pitosalas/linorobot2_ws/src/status_panel/install/status_panel/lib/python3.12/site-packages/status_panel/qwiic_oled_base_py/qwiic_oled/__init__.py
/home/pitosalas/linorobot2_ws/src/status_panel/install/status_panel/lib/python3.12/site-packages/status_panel/qwiic_oled_base_py/qwiic_oled/oled_fonts.py
/home/pitosalas/linorobot2_ws/src/status_panel/install/status_panel/lib/python3.12/site-packages/status_panel/qwiic_oled_base_py/qwiic_oled/qwiic_micro_oled.py
/home/pitosalas/linorobot2_ws/src/status_panel/install/status_panel/lib/python3.12/site-packages/status_panel/qwiic_oled_base_py/qwiic_oled/qwiic_large_oled.py
/home/pitosalas/linorobot2_ws/src/status_panel/install/status_panel/lib/python3.12/site-packages/status_panel/qwiic_oled_base_py/qwiic_oled/fonts/2_7segment.bin
/home/pitosalas/linorobot2_ws/src/status_panel/install/status_panel/lib/python3.12/site-packages/status_panel/qwiic_oled_base_py/qwiic_oled/fonts/0_font5x7.bin
/home/pitosalas/linorobot2_ws/src/status_panel/install/status_panel/lib/python3.12/site-packages/status_panel/qwiic_oled_base_py/qwiic_oled/fonts/3_fontlargenumber.bin
/home/pitosalas/linorobot2_ws/src/status_panel/install/status_panel/lib/python3.12/site-packages/status_panel/qwiic_oled_base_py/qwiic_oled/fonts/1_font8x16.bin
/home/pitosalas/linorobot2_ws/src/status_panel/install/status_panel/lib/python3.12/site-packages/status_panel/qwiic_oled_base_py/qwiic_oled/fonts/4_fontlargeletter31x48.bin
/home/pitosalas/linorobot2_ws/src/status_panel/install/status_panel/lib/python3.12/site-packages/status_panel/qwiic_oled_base_py/docs/requirements.txt
/home/pitosalas/linorobot2_ws/src/status_panel/install/status_panel/lib/python3.12/site-packages/status_panel/qwiic_oled_base_py/docs/doxygen/doxygen-config
/home/pitosalas/linorobot2_ws/src/status_panel/install/status_panel/lib/python3.12/site-packages/status_panel/qwiic_oled_base_py/docs/doxygen/doxygen-custom/header.html
/home/pitosalas/linorobot2_ws/src/status_panel/install/status_panel/lib/python3.12/site-packages/status_panel/qwiic_oled_base_py/docs/doxygen/doxygen-custom/custom.css
/home/pitosalas/linorobot2_ws/src/status_panel/install/status_panel/lib/python3.12/site-packages/status_panel/qwiic_oled_base_py/docs/doxygen/doxygen-awesome-css/doxygen-awesome-sidebar-only.css
/home/pitosalas/linorobot2_ws/src/status_panel/install/status_panel/lib/python3.12/site-packages/status_panel/qwiic_oled_base_py/docs/doxygen/doxygen-awesome-css/logo.drawio.svg
/home/pitosalas/linorobot2_ws/src/status_panel/install/status_panel/lib/python3.12/site-packages/status_panel/qwiic_oled_base_py/docs/doxygen/doxygen-awesome-css/Doxyfile
/home/pitosalas/linorobot2_ws/src/status_panel/install/status_panel/lib/python3.12/site-packages/status_panel/qwiic_oled_base_py/docs/doxygen/doxygen-awesome-css/LICENSE
/home/pitosalas/linorobot2_ws/src/status_panel/install/status_panel/lib/python3.12/site-packages/status_panel/qwiic_oled_base_py/docs/doxygen/doxygen-awesome-css/Makefile
/home/pitosalas/linorobot2_ws/src/status_panel/install/status_panel/lib/python3.12/site-packages/status_panel/qwiic_oled_base_py/docs/doxygen/doxygen-awesome-css/doxygen-awesome-interactive-toc.js
/home/pitosalas/linorobot2_ws/src/status_panel/install/status_panel/lib/python3.12/site-packages/status_panel/qwiic_oled_base_py/docs/doxygen/doxygen-awesome-css/doxygen-awesome-sidebar-only-darkmode-toggle.css
/home/pitosalas/linorobot2_ws/src/status_panel/install/status_panel/lib/python3.12/site-packages/status_panel/qwiic_oled_base_py/docs/doxygen/doxygen-awesome-css/doxygen-awesome-paragraph-link.js
/home/pitosalas/linorobot2_ws/src/status_panel/install/status_panel/lib/python3.12/site-packages/status_panel/qwiic_oled_base_py/docs/doxygen/doxygen-awesome-css/doxygen-awesome.css
/home/pitosalas/linorobot2_ws/src/status_panel/install/status_panel/lib/python3.12/site-packages/status_panel/qwiic_oled_base_py/docs/doxygen/doxygen-awesome-css/doxygen-awesome-darkmode-toggle.js
/home/pitosalas/linorobot2_ws/src/status_panel/install/status_panel/lib/python3.12/site-packages/status_panel/qwiic_oled_base_py/docs/doxygen/doxygen-awesome-css/package.json
/home/pitosalas/linorobot2_ws/src/status_panel/install/status_panel/lib/python3.12/site-packages/status_panel/qwiic_oled_base_py/docs/doxygen/doxygen-awesome-css/doxygen-awesome-tabs.js
/home/pitosalas/linorobot2_ws/src/status_panel/install/status_panel/lib/python3.12/site-packages/status_panel/qwiic_oled_base_py/docs/doxygen/doxygen-awesome-css/README.md
/home/pitosalas/linorobot2_ws/src/status_panel/install/status_panel/lib/python3.12/site-packages/status_panel/qwiic_oled_base_py/docs/doxygen/doxygen-awesome-css/doxygen-awesome-fragment-copy-button.js
/home/pitosalas/linorobot2_ws/src/status_panel/install/status_panel/lib/python3.12/site-packages/status_panel/qwiic_oled_base_py/docs/doxygen/doxygen-awesome-css/doxygen-custom/header.html
/home/pitosalas/linorobot2_ws/src/status_panel/install/status_panel/lib/python3.12/site-packages/status_panel/qwiic_oled_base_py/docs/doxygen/doxygen-awesome-css/doxygen-custom/custom.css
/home/pitosalas/linorobot2_ws/src/status_panel/install/status_panel/lib/python3.12/site-packages/status_panel/qwiic_oled_base_py/docs/doxygen/doxygen-awesome-css/doxygen-custom/toggle-alternative-theme.js
/home/pitosalas/linorobot2_ws/src/status_panel/install/status_panel/lib/python3.12/site-packages/status_panel/qwiic_oled_base_py/docs/doxygen/doxygen-awesome-css/doxygen-custom/custom-alternative.css
/home/pitosalas/linorobot2_ws/src/status_panel/install/status_panel/lib/python3.12/site-packages/status_panel/qwiic_oled_base_py/docs/doxygen/doxygen-awesome-css/img/theme-variants-sidebar-only.drawio.svg
/home/pitosalas/linorobot2_ws/src/status_panel/install/status_panel/lib/python3.12/site-packages/status_panel/qwiic_oled_base_py/docs/doxygen/doxygen-awesome-css/img/theme-variants-base.drawio.svg
/home/pitosalas/linorobot2_ws/src/status_panel/install/status_panel/lib/python3.12/site-packages/status_panel/qwiic_oled_base_py/docs/doxygen/doxygen-awesome-css/img/testimage.png
/home/pitosalas/linorobot2_ws/src/status_panel/install/status_panel/lib/python3.12/site-packages/status_panel/qwiic_oled_base_py/docs/doxygen/doxygen-awesome-css/img/screenshot.png
/home/pitosalas/linorobot2_ws/src/status_panel/install/status_panel/lib/python3.12/site-packages/status_panel/qwiic_oled_base_py/docs/doxygen/doxygen-awesome-css/docs/extensions.md
/home/pitosalas/linorobot2_ws/src/status_panel/install/status_panel/lib/python3.12/site-packages/status_panel/qwiic_oled_base_py/docs/doxygen/doxygen-awesome-css/docs/customization.md
/home/pitosalas/linorobot2_ws/src/status_panel/install/status_panel/lib/python3.12/site-packages/status_panel/qwiic_oled_base_py/docs/doxygen/doxygen-awesome-css/docs/tricks.md
/home/pitosalas/linorobot2_ws/src/status_panel/install/status_panel/lib/python3.12/site-packages/status_panel/qwiic_oled_base_py/docs/doxygen/doxygen-awesome-css/docs/img/interactive_toc_mobile.png
/home/pitosalas/linorobot2_ws/src/status_panel/install/status_panel/lib/python3.12/site-packages/status_panel/qwiic_oled_base_py/docs/doxygen/doxygen-awesome-css/docs/img/fancy_scrollbars_webkit.gif
/home/pitosalas/linorobot2_ws/src/status_panel/install/status_panel/lib/python3.12/site-packages/status_panel/qwiic_oled_base_py/docs/doxygen/doxygen-awesome-css/docs/img/fancy_scrollbars_firefox.png
/home/pitosalas/linorobot2_ws/src/status_panel/install/status_panel/lib/python3.12/site-packages/status_panel/qwiic_oled_base_py/docs/doxygen/doxygen-awesome-css/docs/img/darkmode_toggle.png
/home/pitosalas/linorobot2_ws/src/status_panel/install/status_panel/lib/python3.12/site-packages/status_panel/qwiic_oled_base_py/docs/doxygen/doxygen-awesome-css/docs/img/fragment_copy_button.png
/home/pitosalas/linorobot2_ws/src/status_panel/install/status_panel/lib/python3.12/site-packages/status_panel/qwiic_oled_base_py/docs/doxygen/doxygen-awesome-css/docs/img/paragraph_link.png
/home/pitosalas/linorobot2_ws/src/status_panel/install/status_panel/lib/python3.12/site-packages/status_panel/qwiic_oled_base_py/docs/doxygen/doxygen-awesome-css/include/MyLibrary/example.hpp
/home/pitosalas/linorobot2_ws/src/status_panel/install/status_panel/lib/python3.12/site-packages/status_panel/qwiic_oled_base_py/docs/doxygen/doxygen-awesome-css/include/MyLibrary/subclass-example.hpp
/home/pitosalas/linorobot2_ws/src/status_panel/install/status_panel/lib/python3.12/site-packages/status_panel/qwiic_oled_base_py/docs/images/gh-banner.png
/home/pitosalas/linorobot2_ws/src/status_panel/install/status_panel/lib/python3.12/site-packages/status_panel/qwiic_oled_base_py/docs/images/sfe_flame.png
/home/pitosalas/linorobot2_ws/src/status_panel/install/status_panel/lib/python3.12/site-packages/status_panel/qwiic_oled_base_py/docs/_static/favicon.ico
/home/pitosalas/linorobot2_ws/src/status_panel/install/status_panel/lib/python3.12/site-packages/status_panel/build/COLCON_IGNORE
/home/pitosalas/linorobot2_ws/src/status_panel/install/status_panel/lib/python3.12/site-packages/status_panel/__pycache__/display2.cpython-312.pyc
/home/pitosalas/linorobot2_ws/src/status_panel/install/status_panel/lib/python3.12/site-packages/status_panel/__pycache__/status_panel_node.cpython-312.pyc
/home/pitosalas/linorobot2_ws/src/status_panel/install/status_panel/lib/python3.12/site-packages/status_panel/__pycache__/display1.cpython-312.pyc
/home/pitosalas/linorobot2_ws/src/status_panel/install/status_panel/lib/python3.12/site-packages/status_panel/__pycache__/demo.cpython-312.pyc
/home/pitosalas/linorobot2_ws/src/status_panel/install/status_panel/lib/python3.12/site-packages/status_panel/__pycache__/__init__.cpython-312.pyc
/home/pitosalas/linorobot2_ws/src/status_panel/install/status_panel/lib/python3.12/site-packages/status_panel/install/__pycache__/_local_setup_util_sh.cpython-312.pyc
/home/pitosalas/linorobot2_ws/src/status_panel/install/status_panel/lib/python3.12/site-packages/status_panel/install/__pycache__/_local_setup_util_ps1.cpython-312.pyc
/home/pitosalas/linorobot2_ws/src/status_panel/install/status_panel/lib/python3.12/site-packages/status_panel/qwiic_oled_base_py/examples/__pycache__/ex3_demo.cpython-312.pyc
/home/pitosalas/linorobot2_ws/src/status_panel/install/status_panel/lib/python3.12/site-packages/status_panel/qwiic_oled_base_py/examples/__pycache__/ex2_hello_world.cpython-312.pyc
/home/pitosalas/linorobot2_ws/src/status_panel/install/status_panel/lib/python3.12/site-packages/status_panel/qwiic_oled_base_py/examples/__pycache__/ex5_micro_bitmap.cpython-312.pyc
/home/pitosalas/linorobot2_ws/src/status_panel/install/status_panel/lib/python3.12/site-packages/status_panel/qwiic_oled_base_py/examples/__pycache__/ex1_splash_screen.cpython-312.pyc
/home/pitosalas/linorobot2_ws/src/status_panel/install/status_panel/lib/python3.12/site-packages/status_panel/qwiic_oled_base_py/examples/__pycache__/ex4_cube.cpython-312.pyc
/home/pitosalas/linorobot2_ws/src/status_panel/install/status_panel/lib/python3.12/site-packages/status_panel/qwiic_oled_base_py/qwiic_oled/__pycache__/oled_logos.cpython-312.pyc
/home/pitosalas/linorobot2_ws/src/status_panel/install/status_panel/lib/python3.12/site-packages/status_panel/qwiic_oled_base_py/qwiic_oled/__pycache__/qwiic_oled_base.cpython-312.pyc
/home/pitosalas/linorobot2_ws/src/status_panel/install/status_panel/lib/python3.12/site-packages/status_panel/qwiic_oled_base_py/qwiic_oled/__pycache__/qwiic_oled_display.cpython-312.pyc
/home/pitosalas/linorobot2_ws/src/status_panel/install/status_panel/lib/python3.12/site-packages/status_panel/qwiic_oled_base_py/qwiic_oled/__pycache__/__init__.cpython-312.pyc
/home/pitosalas/linorobot2_ws/src/status_panel/install/status_panel/lib/python3.12/site-packages/status_panel/qwiic_oled_base_py/qwiic_oled/__pycache__/oled_fonts.cpython-312.pyc
/home/pitosalas/linorobot2_ws/src/status_panel/install/status_panel/lib/python3.12/site-packages/status_panel/qwiic_oled_base_py/qwiic_oled/__pycache__/qwiic_micro_oled.cpython-312.pyc
/home/pitosalas/linorobot2_ws/src/status_panel/install/status_panel/lib/python3.12/site-packages/status_panel/qwiic_oled_base_py/qwiic_oled/__pycache__/qwiic_large_oled.cpython-312.pyc
/home/pitosalas/linorobot2_ws/src/status_panel/install/status_panel/share/ament_index/resource_index/packages/status_panel
/home/pitosalas/linorobot2_ws/src/status_panel/install/status_panel/share/status_panel/package.xml
/home/pitosalas/linorobot2_ws/src/status_panel/install/status_panel/lib/python3.12/site-packages/status_panel-0.1.0-py3.12.egg-info/zip-safe
/home/pitosalas/linorobot2_ws/src/status_panel/install/status_panel/lib/python3.12/site-packages/status_panel-0.1.0-py3.12.egg-info/SOURCES.txt
/home/pitosalas/linorobot2_ws/src/status_panel/install/status_panel/lib/python3.12/site-packages/status_panel-0.1.0-py3.12.egg-info/top_level.txt
/home/pitosalas/linorobot2_ws/src/status_panel/install/status_panel/lib/python3.12/site-packages/status_panel-0.1.0-py3.12.egg-info/PKG-INFO
/home/pitosalas/linorobot2_ws/src/status_panel/install/status_panel/lib/python3.12/site-packages/status_panel-0.1.0-py3.12.egg-info/entry_points.txt
/home/pitosalas/linorobot2_ws/src/status_panel/install/status_panel/lib/python3.12/site-packages/status_panel-0.1.0-py3.12.egg-info/requires.txt
/home/pitosalas/linorobot2_ws/src/status_panel/install/status_panel/lib/python3.12/site-packages/status_panel-0.1.0-py3.12.egg-info/dependency_links.txt
/home/pitosalas/linorobot2_ws/src/status_panel/install/status_panel/lib/status_panel/d1
/home/pitosalas/linorobot2_ws/src/status_panel/install/status_panel/lib/status_panel/d2
/home/pitosalas/linorobot2_ws/src/status_panel/install/status_panel/lib/status_panel/demo
/home/pitosalas/linorobot2_ws/src/status_panel/install/status_panel/lib/status_panel/display_ros
/home/pitosalas/linorobot2_ws/src/status_panel/install/status_panel/lib/status_panel/status_panel_node
