running egg_info
creating build/status_panel/status_panel.egg-info
writing build/status_panel/status_panel.egg-info/PKG-INFO
writing dependency_links to build/status_panel/status_panel.egg-info/dependency_links.txt
writing entry points to build/status_panel/status_panel.egg-info/entry_points.txt
writing requirements to build/status_panel/status_panel.egg-info/requires.txt
writing top-level names to build/status_panel/status_panel.egg-info/top_level.txt
writing manifest file 'build/status_panel/status_panel.egg-info/SOURCES.txt'
reading manifest file 'build/status_panel/status_panel.egg-info/SOURCES.txt'
writing manifest file 'build/status_panel/status_panel.egg-info/SOURCES.txt'
running build
running build_py
creating /home/pitosalas/linorobot2_ws/src/status_panel/build/status_panel/build
creating /home/pitosalas/linorobot2_ws/src/status_panel/build/status_panel/build/lib
creating /home/pitosalas/linorobot2_ws/src/status_panel/build/status_panel/build/lib/status_panel
copying status_panel/display2.py -> /home/pitosalas/linorobot2_ws/src/status_panel/build/status_panel/build/lib/status_panel
copying status_panel/status_panel_node.py -> /home/pitosalas/linorobot2_ws/src/status_panel/build/status_panel/build/lib/status_panel
copying status_panel/display1.py -> /home/pitosalas/linorobot2_ws/src/status_panel/build/status_panel/build/lib/status_panel
copying status_panel/demo.py -> /home/pitosalas/linorobot2_ws/src/status_panel/build/status_panel/build/lib/status_panel
copying status_panel/__init__.py -> /home/pitosalas/linorobot2_ws/src/status_panel/build/status_panel/build/lib/status_panel
creating /home/pitosalas/linorobot2_ws/src/status_panel/build/status_panel/build/lib/status_panel/install
copying status_panel/install/setup.ps1 -> /home/pitosalas/linorobot2_ws/src/status_panel/build/status_panel/build/lib/status_panel/install
copying status_panel/install/local_setup.sh -> /home/pitosalas/linorobot2_ws/src/status_panel/build/status_panel/build/lib/status_panel/install
copying status_panel/install/_local_setup_util_sh.py -> /home/pitosalas/linorobot2_ws/src/status_panel/build/status_panel/build/lib/status_panel/install
copying status_panel/install/setup.bash -> /home/pitosalas/linorobot2_ws/src/status_panel/build/status_panel/build/lib/status_panel/install
copying status_panel/install/setup.zsh -> /home/pitosalas/linorobot2_ws/src/status_panel/build/status_panel/build/lib/status_panel/install
copying status_panel/install/local_setup.zsh -> /home/pitosalas/linorobot2_ws/src/status_panel/build/status_panel/build/lib/status_panel/install
copying status_panel/install/local_setup.bash -> /home/pitosalas/linorobot2_ws/src/status_panel/build/status_panel/build/lib/status_panel/install
copying status_panel/install/COLCON_IGNORE -> /home/pitosalas/linorobot2_ws/src/status_panel/build/status_panel/build/lib/status_panel/install
copying status_panel/install/_local_setup_util_ps1.py -> /home/pitosalas/linorobot2_ws/src/status_panel/build/status_panel/build/lib/status_panel/install
copying status_panel/install/local_setup.ps1 -> /home/pitosalas/linorobot2_ws/src/status_panel/build/status_panel/build/lib/status_panel/install
copying status_panel/install/setup.sh -> /home/pitosalas/linorobot2_ws/src/status_panel/build/status_panel/build/lib/status_panel/install
creating /home/pitosalas/linorobot2_ws/src/status_panel/build/status_panel/build/lib/status_panel/qwiic_oled_base_py
copying status_panel/qwiic_oled_base_py/LICENSE -> /home/pitosalas/linorobot2_ws/src/status_panel/build/status_panel/build/lib/status_panel/qwiic_oled_base_py
copying status_panel/qwiic_oled_base_py/MANIFEST.in -> /home/pitosalas/linorobot2_ws/src/status_panel/build/status_panel/build/lib/status_panel/qwiic_oled_base_py
copying status_panel/qwiic_oled_base_py/DESCRIPTION.rst -> /home/pitosalas/linorobot2_ws/src/status_panel/build/status_panel/build/lib/status_panel/qwiic_oled_base_py
copying status_panel/qwiic_oled_base_py/requirements.txt -> /home/pitosalas/linorobot2_ws/src/status_panel/build/status_panel/build/lib/status_panel/qwiic_oled_base_py
copying status_panel/qwiic_oled_base_py/package.json -> /home/pitosalas/linorobot2_ws/src/status_panel/build/status_panel/build/lib/status_panel/qwiic_oled_base_py
copying status_panel/qwiic_oled_base_py/pyproject.toml -> /home/pitosalas/linorobot2_ws/src/status_panel/build/status_panel/build/lib/status_panel/qwiic_oled_base_py
copying status_panel/qwiic_oled_base_py/README.md -> /home/pitosalas/linorobot2_ws/src/status_panel/build/status_panel/build/lib/status_panel/qwiic_oled_base_py
creating /home/pitosalas/linorobot2_ws/src/status_panel/build/status_panel/build/lib/status_panel/qwiic_oled_base_py/examples
copying status_panel/qwiic_oled_base_py/examples/ex3_demo.py -> /home/pitosalas/linorobot2_ws/src/status_panel/build/status_panel/build/lib/status_panel/qwiic_oled_base_py/examples
copying status_panel/qwiic_oled_base_py/examples/ex2_hello_world.py -> /home/pitosalas/linorobot2_ws/src/status_panel/build/status_panel/build/lib/status_panel/qwiic_oled_base_py/examples
copying status_panel/qwiic_oled_base_py/examples/ex5_micro_bitmap.py -> /home/pitosalas/linorobot2_ws/src/status_panel/build/status_panel/build/lib/status_panel/qwiic_oled_base_py/examples
copying status_panel/qwiic_oled_base_py/examples/ex1_splash_screen.py -> /home/pitosalas/linorobot2_ws/src/status_panel/build/status_panel/build/lib/status_panel/qwiic_oled_base_py/examples
copying status_panel/qwiic_oled_base_py/examples/README.md -> /home/pitosalas/linorobot2_ws/src/status_panel/build/status_panel/build/lib/status_panel/qwiic_oled_base_py/examples
copying status_panel/qwiic_oled_base_py/examples/ex4_cube.py -> /home/pitosalas/linorobot2_ws/src/status_panel/build/status_panel/build/lib/status_panel/qwiic_oled_base_py/examples
creating /home/pitosalas/linorobot2_ws/src/status_panel/build/status_panel/build/lib/status_panel/qwiic_oled_base_py/qwiic_oled
copying status_panel/qwiic_oled_base_py/qwiic_oled/oled_logos.py -> /home/pitosalas/linorobot2_ws/src/status_panel/build/status_panel/build/lib/status_panel/qwiic_oled_base_py/qwiic_oled
copying status_panel/qwiic_oled_base_py/qwiic_oled/qwiic_oled_base.py -> /home/pitosalas/linorobot2_ws/src/status_panel/build/status_panel/build/lib/status_panel/qwiic_oled_base_py/qwiic_oled
copying status_panel/qwiic_oled_base_py/qwiic_oled/qwiic_oled_display.py -> /home/pitosalas/linorobot2_ws/src/status_panel/build/status_panel/build/lib/status_panel/qwiic_oled_base_py/qwiic_oled
copying status_panel/qwiic_oled_base_py/qwiic_oled/__init__.py -> /home/pitosalas/linorobot2_ws/src/status_panel/build/status_panel/build/lib/status_panel/qwiic_oled_base_py/qwiic_oled
copying status_panel/qwiic_oled_base_py/qwiic_oled/oled_fonts.py -> /home/pitosalas/linorobot2_ws/src/status_panel/build/status_panel/build/lib/status_panel/qwiic_oled_base_py/qwiic_oled
copying status_panel/qwiic_oled_base_py/qwiic_oled/qwiic_micro_oled.py -> /home/pitosalas/linorobot2_ws/src/status_panel/build/status_panel/build/lib/status_panel/qwiic_oled_base_py/qwiic_oled
copying status_panel/qwiic_oled_base_py/qwiic_oled/qwiic_large_oled.py -> /home/pitosalas/linorobot2_ws/src/status_panel/build/status_panel/build/lib/status_panel/qwiic_oled_base_py/qwiic_oled
creating /home/pitosalas/linorobot2_ws/src/status_panel/build/status_panel/build/lib/status_panel/qwiic_oled_base_py/qwiic_oled/fonts
copying status_panel/qwiic_oled_base_py/qwiic_oled/fonts/2_7segment.bin -> /home/pitosalas/linorobot2_ws/src/status_panel/build/status_panel/build/lib/status_panel/qwiic_oled_base_py/qwiic_oled/fonts
copying status_panel/qwiic_oled_base_py/qwiic_oled/fonts/0_font5x7.bin -> /home/pitosalas/linorobot2_ws/src/status_panel/build/status_panel/build/lib/status_panel/qwiic_oled_base_py/qwiic_oled/fonts
copying status_panel/qwiic_oled_base_py/qwiic_oled/fonts/3_fontlargenumber.bin -> /home/pitosalas/linorobot2_ws/src/status_panel/build/status_panel/build/lib/status_panel/qwiic_oled_base_py/qwiic_oled/fonts
copying status_panel/qwiic_oled_base_py/qwiic_oled/fonts/1_font8x16.bin -> /home/pitosalas/linorobot2_ws/src/status_panel/build/status_panel/build/lib/status_panel/qwiic_oled_base_py/qwiic_oled/fonts
copying status_panel/qwiic_oled_base_py/qwiic_oled/fonts/4_fontlargeletter31x48.bin -> /home/pitosalas/linorobot2_ws/src/status_panel/build/status_panel/build/lib/status_panel/qwiic_oled_base_py/qwiic_oled/fonts
creating /home/pitosalas/linorobot2_ws/src/status_panel/build/status_panel/build/lib/status_panel/qwiic_oled_base_py/docs
copying status_panel/qwiic_oled_base_py/docs/requirements.txt -> /home/pitosalas/linorobot2_ws/src/status_panel/build/status_panel/build/lib/status_panel/qwiic_oled_base_py/docs
creating /home/pitosalas/linorobot2_ws/src/status_panel/build/status_panel/build/lib/status_panel/qwiic_oled_base_py/docs/doxygen
copying status_panel/qwiic_oled_base_py/docs/doxygen/doxygen-config -> /home/pitosalas/linorobot2_ws/src/status_panel/build/status_panel/build/lib/status_panel/qwiic_oled_base_py/docs/doxygen
creating /home/pitosalas/linorobot2_ws/src/status_panel/build/status_panel/build/lib/status_panel/qwiic_oled_base_py/docs/doxygen/doxygen-custom
copying status_panel/qwiic_oled_base_py/docs/doxygen/doxygen-custom/header.html -> /home/pitosalas/linorobot2_ws/src/status_panel/build/status_panel/build/lib/status_panel/qwiic_oled_base_py/docs/doxygen/doxygen-custom
copying status_panel/qwiic_oled_base_py/docs/doxygen/doxygen-custom/custom.css -> /home/pitosalas/linorobot2_ws/src/status_panel/build/status_panel/build/lib/status_panel/qwiic_oled_base_py/docs/doxygen/doxygen-custom
creating /home/pitosalas/linorobot2_ws/src/status_panel/build/status_panel/build/lib/status_panel/qwiic_oled_base_py/docs/doxygen/doxygen-awesome-css
copying status_panel/qwiic_oled_base_py/docs/doxygen/doxygen-awesome-css/doxygen-awesome-sidebar-only.css -> /home/pitosalas/linorobot2_ws/src/status_panel/build/status_panel/build/lib/status_panel/qwiic_oled_base_py/docs/doxygen/doxygen-awesome-css
copying status_panel/qwiic_oled_base_py/docs/doxygen/doxygen-awesome-css/logo.drawio.svg -> /home/pitosalas/linorobot2_ws/src/status_panel/build/status_panel/build/lib/status_panel/qwiic_oled_base_py/docs/doxygen/doxygen-awesome-css
copying status_panel/qwiic_oled_base_py/docs/doxygen/doxygen-awesome-css/Doxyfile -> /home/pitosalas/linorobot2_ws/src/status_panel/build/status_panel/build/lib/status_panel/qwiic_oled_base_py/docs/doxygen/doxygen-awesome-css
copying status_panel/qwiic_oled_base_py/docs/doxygen/doxygen-awesome-css/LICENSE -> /home/pitosalas/linorobot2_ws/src/status_panel/build/status_panel/build/lib/status_panel/qwiic_oled_base_py/docs/doxygen/doxygen-awesome-css
copying status_panel/qwiic_oled_base_py/docs/doxygen/doxygen-awesome-css/Makefile -> /home/pitosalas/linorobot2_ws/src/status_panel/build/status_panel/build/lib/status_panel/qwiic_oled_base_py/docs/doxygen/doxygen-awesome-css
copying status_panel/qwiic_oled_base_py/docs/doxygen/doxygen-awesome-css/doxygen-awesome-interactive-toc.js -> /home/pitosalas/linorobot2_ws/src/status_panel/build/status_panel/build/lib/status_panel/qwiic_oled_base_py/docs/doxygen/doxygen-awesome-css
copying status_panel/qwiic_oled_base_py/docs/doxygen/doxygen-awesome-css/doxygen-awesome-sidebar-only-darkmode-toggle.css -> /home/pitosalas/linorobot2_ws/src/status_panel/build/status_panel/build/lib/status_panel/qwiic_oled_base_py/docs/doxygen/doxygen-awesome-css
copying status_panel/qwiic_oled_base_py/docs/doxygen/doxygen-awesome-css/doxygen-awesome-paragraph-link.js -> /home/pitosalas/linorobot2_ws/src/status_panel/build/status_panel/build/lib/status_panel/qwiic_oled_base_py/docs/doxygen/doxygen-awesome-css
copying status_panel/qwiic_oled_base_py/docs/doxygen/doxygen-awesome-css/doxygen-awesome.css -> /home/pitosalas/linorobot2_ws/src/status_panel/build/status_panel/build/lib/status_panel/qwiic_oled_base_py/docs/doxygen/doxygen-awesome-css
copying status_panel/qwiic_oled_base_py/docs/doxygen/doxygen-awesome-css/doxygen-awesome-darkmode-toggle.js -> /home/pitosalas/linorobot2_ws/src/status_panel/build/status_panel/build/lib/status_panel/qwiic_oled_base_py/docs/doxygen/doxygen-awesome-css
copying status_panel/qwiic_oled_base_py/docs/doxygen/doxygen-awesome-css/package.json -> /home/pitosalas/linorobot2_ws/src/status_panel/build/status_panel/build/lib/status_panel/qwiic_oled_base_py/docs/doxygen/doxygen-awesome-css
copying status_panel/qwiic_oled_base_py/docs/doxygen/doxygen-awesome-css/doxygen-awesome-tabs.js -> /home/pitosalas/linorobot2_ws/src/status_panel/build/status_panel/build/lib/status_panel/qwiic_oled_base_py/docs/doxygen/doxygen-awesome-css
copying status_panel/qwiic_oled_base_py/docs/doxygen/doxygen-awesome-css/README.md -> /home/pitosalas/linorobot2_ws/src/status_panel/build/status_panel/build/lib/status_panel/qwiic_oled_base_py/docs/doxygen/doxygen-awesome-css
copying status_panel/qwiic_oled_base_py/docs/doxygen/doxygen-awesome-css/doxygen-awesome-fragment-copy-button.js -> /home/pitosalas/linorobot2_ws/src/status_panel/build/status_panel/build/lib/status_panel/qwiic_oled_base_py/docs/doxygen/doxygen-awesome-css
creating /home/pitosalas/linorobot2_ws/src/status_panel/build/status_panel/build/lib/status_panel/qwiic_oled_base_py/docs/doxygen/doxygen-awesome-css/doxygen-custom
copying status_panel/qwiic_oled_base_py/docs/doxygen/doxygen-awesome-css/doxygen-custom/header.html -> /home/pitosalas/linorobot2_ws/src/status_panel/build/status_panel/build/lib/status_panel/qwiic_oled_base_py/docs/doxygen/doxygen-awesome-css/doxygen-custom
copying status_panel/qwiic_oled_base_py/docs/doxygen/doxygen-awesome-css/doxygen-custom/custom.css -> /home/pitosalas/linorobot2_ws/src/status_panel/build/status_panel/build/lib/status_panel/qwiic_oled_base_py/docs/doxygen/doxygen-awesome-css/doxygen-custom
copying status_panel/qwiic_oled_base_py/docs/doxygen/doxygen-awesome-css/doxygen-custom/toggle-alternative-theme.js -> /home/pitosalas/linorobot2_ws/src/status_panel/build/status_panel/build/lib/status_panel/qwiic_oled_base_py/docs/doxygen/doxygen-awesome-css/doxygen-custom
copying status_panel/qwiic_oled_base_py/docs/doxygen/doxygen-awesome-css/doxygen-custom/custom-alternative.css -> /home/pitosalas/linorobot2_ws/src/status_panel/build/status_panel/build/lib/status_panel/qwiic_oled_base_py/docs/doxygen/doxygen-awesome-css/doxygen-custom
creating /home/pitosalas/linorobot2_ws/src/status_panel/build/status_panel/build/lib/status_panel/qwiic_oled_base_py/docs/doxygen/doxygen-awesome-css/img
copying status_panel/qwiic_oled_base_py/docs/doxygen/doxygen-awesome-css/img/theme-variants-sidebar-only.drawio.svg -> /home/pitosalas/linorobot2_ws/src/status_panel/build/status_panel/build/lib/status_panel/qwiic_oled_base_py/docs/doxygen/doxygen-awesome-css/img
copying status_panel/qwiic_oled_base_py/docs/doxygen/doxygen-awesome-css/img/theme-variants-base.drawio.svg -> /home/pitosalas/linorobot2_ws/src/status_panel/build/status_panel/build/lib/status_panel/qwiic_oled_base_py/docs/doxygen/doxygen-awesome-css/img
copying status_panel/qwiic_oled_base_py/docs/doxygen/doxygen-awesome-css/img/testimage.png -> /home/pitosalas/linorobot2_ws/src/status_panel/build/status_panel/build/lib/status_panel/qwiic_oled_base_py/docs/doxygen/doxygen-awesome-css/img
copying status_panel/qwiic_oled_base_py/docs/doxygen/doxygen-awesome-css/img/screenshot.png -> /home/pitosalas/linorobot2_ws/src/status_panel/build/status_panel/build/lib/status_panel/qwiic_oled_base_py/docs/doxygen/doxygen-awesome-css/img
creating /home/pitosalas/linorobot2_ws/src/status_panel/build/status_panel/build/lib/status_panel/qwiic_oled_base_py/docs/doxygen/doxygen-awesome-css/docs
copying status_panel/qwiic_oled_base_py/docs/doxygen/doxygen-awesome-css/docs/extensions.md -> /home/pitosalas/linorobot2_ws/src/status_panel/build/status_panel/build/lib/status_panel/qwiic_oled_base_py/docs/doxygen/doxygen-awesome-css/docs
copying status_panel/qwiic_oled_base_py/docs/doxygen/doxygen-awesome-css/docs/customization.md -> /home/pitosalas/linorobot2_ws/src/status_panel/build/status_panel/build/lib/status_panel/qwiic_oled_base_py/docs/doxygen/doxygen-awesome-css/docs
copying status_panel/qwiic_oled_base_py/docs/doxygen/doxygen-awesome-css/docs/tricks.md -> /home/pitosalas/linorobot2_ws/src/status_panel/build/status_panel/build/lib/status_panel/qwiic_oled_base_py/docs/doxygen/doxygen-awesome-css/docs
creating /home/pitosalas/linorobot2_ws/src/status_panel/build/status_panel/build/lib/status_panel/qwiic_oled_base_py/docs/doxygen/doxygen-awesome-css/docs/img
copying status_panel/qwiic_oled_base_py/docs/doxygen/doxygen-awesome-css/docs/img/interactive_toc_mobile.png -> /home/pitosalas/linorobot2_ws/src/status_panel/build/status_panel/build/lib/status_panel/qwiic_oled_base_py/docs/doxygen/doxygen-awesome-css/docs/img
copying status_panel/qwiic_oled_base_py/docs/doxygen/doxygen-awesome-css/docs/img/fancy_scrollbars_webkit.gif -> /home/pitosalas/linorobot2_ws/src/status_panel/build/status_panel/build/lib/status_panel/qwiic_oled_base_py/docs/doxygen/doxygen-awesome-css/docs/img
copying status_panel/qwiic_oled_base_py/docs/doxygen/doxygen-awesome-css/docs/img/fancy_scrollbars_firefox.png -> /home/pitosalas/linorobot2_ws/src/status_panel/build/status_panel/build/lib/status_panel/qwiic_oled_base_py/docs/doxygen/doxygen-awesome-css/docs/img
copying status_panel/qwiic_oled_base_py/docs/doxygen/doxygen-awesome-css/docs/img/darkmode_toggle.png -> /home/pitosalas/linorobot2_ws/src/status_panel/build/status_panel/build/lib/status_panel/qwiic_oled_base_py/docs/doxygen/doxygen-awesome-css/docs/img
copying status_panel/qwiic_oled_base_py/docs/doxygen/doxygen-awesome-css/docs/img/fragment_copy_button.png -> /home/pitosalas/linorobot2_ws/src/status_panel/build/status_panel/build/lib/status_panel/qwiic_oled_base_py/docs/doxygen/doxygen-awesome-css/docs/img
copying status_panel/qwiic_oled_base_py/docs/doxygen/doxygen-awesome-css/docs/img/paragraph_link.png -> /home/pitosalas/linorobot2_ws/src/status_panel/build/status_panel/build/lib/status_panel/qwiic_oled_base_py/docs/doxygen/doxygen-awesome-css/docs/img
creating /home/pitosalas/linorobot2_ws/src/status_panel/build/status_panel/build/lib/status_panel/qwiic_oled_base_py/docs/doxygen/doxygen-awesome-css/include
creating /home/pitosalas/linorobot2_ws/src/status_panel/build/status_panel/build/lib/status_panel/qwiic_oled_base_py/docs/doxygen/doxygen-awesome-css/include/MyLibrary
copying status_panel/qwiic_oled_base_py/docs/doxygen/doxygen-awesome-css/include/MyLibrary/example.hpp -> /home/pitosalas/linorobot2_ws/src/status_panel/build/status_panel/build/lib/status_panel/qwiic_oled_base_py/docs/doxygen/doxygen-awesome-css/include/MyLibrary
copying status_panel/qwiic_oled_base_py/docs/doxygen/doxygen-awesome-css/include/MyLibrary/subclass-example.hpp -> /home/pitosalas/linorobot2_ws/src/status_panel/build/status_panel/build/lib/status_panel/qwiic_oled_base_py/docs/doxygen/doxygen-awesome-css/include/MyLibrary
creating /home/pitosalas/linorobot2_ws/src/status_panel/build/status_panel/build/lib/status_panel/qwiic_oled_base_py/docs/images
copying status_panel/qwiic_oled_base_py/docs/images/gh-banner.png -> /home/pitosalas/linorobot2_ws/src/status_panel/build/status_panel/build/lib/status_panel/qwiic_oled_base_py/docs/images
copying status_panel/qwiic_oled_base_py/docs/images/sfe_flame.png -> /home/pitosalas/linorobot2_ws/src/status_panel/build/status_panel/build/lib/status_panel/qwiic_oled_base_py/docs/images
creating /home/pitosalas/linorobot2_ws/src/status_panel/build/status_panel/build/lib/status_panel/qwiic_oled_base_py/docs/_static
copying status_panel/qwiic_oled_base_py/docs/_static/favicon.ico -> /home/pitosalas/linorobot2_ws/src/status_panel/build/status_panel/build/lib/status_panel/qwiic_oled_base_py/docs/_static
creating /home/pitosalas/linorobot2_ws/src/status_panel/build/status_panel/build/lib/status_panel/build
copying status_panel/build/COLCON_IGNORE -> /home/pitosalas/linorobot2_ws/src/status_panel/build/status_panel/build/lib/status_panel/build
running install
running install_lib
copying /home/pitosalas/linorobot2_ws/src/status_panel/build/status_panel/build/lib/status_panel/display2.py -> /home/pitosalas/linorobot2_ws/src/status_panel/install/status_panel/lib/python3.12/site-packages/status_panel
creating /home/pitosalas/linorobot2_ws/src/status_panel/install/status_panel/lib/python3.12/site-packages/status_panel/install
copying /home/pitosalas/linorobot2_ws/src/status_panel/build/status_panel/build/lib/status_panel/install/setup.ps1 -> /home/pitosalas/linorobot2_ws/src/status_panel/install/status_panel/lib/python3.12/site-packages/status_panel/install
copying /home/pitosalas/linorobot2_ws/src/status_panel/build/status_panel/build/lib/status_panel/install/local_setup.sh -> /home/pitosalas/linorobot2_ws/src/status_panel/install/status_panel/lib/python3.12/site-packages/status_panel/install
copying /home/pitosalas/linorobot2_ws/src/status_panel/build/status_panel/build/lib/status_panel/install/_local_setup_util_sh.py -> /home/pitosalas/linorobot2_ws/src/status_panel/install/status_panel/lib/python3.12/site-packages/status_panel/install
copying /home/pitosalas/linorobot2_ws/src/status_panel/build/status_panel/build/lib/status_panel/install/setup.bash -> /home/pitosalas/linorobot2_ws/src/status_panel/install/status_panel/lib/python3.12/site-packages/status_panel/install
copying /home/pitosalas/linorobot2_ws/src/status_panel/build/status_panel/build/lib/status_panel/install/setup.zsh -> /home/pitosalas/linorobot2_ws/src/status_panel/install/status_panel/lib/python3.12/site-packages/status_panel/install
copying /home/pitosalas/linorobot2_ws/src/status_panel/build/status_panel/build/lib/status_panel/install/local_setup.zsh -> /home/pitosalas/linorobot2_ws/src/status_panel/install/status_panel/lib/python3.12/site-packages/status_panel/install
copying /home/pitosalas/linorobot2_ws/src/status_panel/build/status_panel/build/lib/status_panel/install/local_setup.bash -> /home/pitosalas/linorobot2_ws/src/status_panel/install/status_panel/lib/python3.12/site-packages/status_panel/install
copying /home/pitosalas/linorobot2_ws/src/status_panel/build/status_panel/build/lib/status_panel/install/COLCON_IGNORE -> /home/pitosalas/linorobot2_ws/src/status_panel/install/status_panel/lib/python3.12/site-packages/status_panel/install
copying /home/pitosalas/linorobot2_ws/src/status_panel/build/status_panel/build/lib/status_panel/install/_local_setup_util_ps1.py -> /home/pitosalas/linorobot2_ws/src/status_panel/install/status_panel/lib/python3.12/site-packages/status_panel/install
copying /home/pitosalas/linorobot2_ws/src/status_panel/build/status_panel/build/lib/status_panel/install/local_setup.ps1 -> /home/pitosalas/linorobot2_ws/src/status_panel/install/status_panel/lib/python3.12/site-packages/status_panel/install
copying /home/pitosalas/linorobot2_ws/src/status_panel/build/status_panel/build/lib/status_panel/install/setup.sh -> /home/pitosalas/linorobot2_ws/src/status_panel/install/status_panel/lib/python3.12/site-packages/status_panel/install
copying /home/pitosalas/linorobot2_ws/src/status_panel/build/status_panel/build/lib/status_panel/status_panel_node.py -> /home/pitosalas/linorobot2_ws/src/status_panel/install/status_panel/lib/python3.12/site-packages/status_panel
creating /home/pitosalas/linorobot2_ws/src/status_panel/install/status_panel/lib/python3.12/site-packages/status_panel/qwiic_oled_base_py
copying /home/pitosalas/linorobot2_ws/src/status_panel/build/status_panel/build/lib/status_panel/qwiic_oled_base_py/LICENSE -> /home/pitosalas/linorobot2_ws/src/status_panel/install/status_panel/lib/python3.12/site-packages/status_panel/qwiic_oled_base_py
copying /home/pitosalas/linorobot2_ws/src/status_panel/build/status_panel/build/lib/status_panel/qwiic_oled_base_py/MANIFEST.in -> /home/pitosalas/linorobot2_ws/src/status_panel/install/status_panel/lib/python3.12/site-packages/status_panel/qwiic_oled_base_py
copying /home/pitosalas/linorobot2_ws/src/status_panel/build/status_panel/build/lib/status_panel/qwiic_oled_base_py/DESCRIPTION.rst -> /home/pitosalas/linorobot2_ws/src/status_panel/install/status_panel/lib/python3.12/site-packages/status_panel/qwiic_oled_base_py
copying /home/pitosalas/linorobot2_ws/src/status_panel/build/status_panel/build/lib/status_panel/qwiic_oled_base_py/requirements.txt -> /home/pitosalas/linorobot2_ws/src/status_panel/install/status_panel/lib/python3.12/site-packages/status_panel/qwiic_oled_base_py
creating /home/pitosalas/linorobot2_ws/src/status_panel/install/status_panel/lib/python3.12/site-packages/status_panel/qwiic_oled_base_py/examples
copying /home/pitosalas/linorobot2_ws/src/status_panel/build/status_panel/build/lib/status_panel/qwiic_oled_base_py/examples/ex3_demo.py -> /home/pitosalas/linorobot2_ws/src/status_panel/install/status_panel/lib/python3.12/site-packages/status_panel/qwiic_oled_base_py/examples
copying /home/pitosalas/linorobot2_ws/src/status_panel/build/status_panel/build/lib/status_panel/qwiic_oled_base_py/examples/ex2_hello_world.py -> /home/pitosalas/linorobot2_ws/src/status_panel/install/status_panel/lib/python3.12/site-packages/status_panel/qwiic_oled_base_py/examples
copying /home/pitosalas/linorobot2_ws/src/status_panel/build/status_panel/build/lib/status_panel/qwiic_oled_base_py/examples/ex5_micro_bitmap.py -> /home/pitosalas/linorobot2_ws/src/status_panel/install/status_panel/lib/python3.12/site-packages/status_panel/qwiic_oled_base_py/examples
copying /home/pitosalas/linorobot2_ws/src/status_panel/build/status_panel/build/lib/status_panel/qwiic_oled_base_py/examples/ex1_splash_screen.py -> /home/pitosalas/linorobot2_ws/src/status_panel/install/status_panel/lib/python3.12/site-packages/status_panel/qwiic_oled_base_py/examples
copying /home/pitosalas/linorobot2_ws/src/status_panel/build/status_panel/build/lib/status_panel/qwiic_oled_base_py/examples/README.md -> /home/pitosalas/linorobot2_ws/src/status_panel/install/status_panel/lib/python3.12/site-packages/status_panel/qwiic_oled_base_py/examples
copying /home/pitosalas/linorobot2_ws/src/status_panel/build/status_panel/build/lib/status_panel/qwiic_oled_base_py/examples/ex4_cube.py -> /home/pitosalas/linorobot2_ws/src/status_panel/install/status_panel/lib/python3.12/site-packages/status_panel/qwiic_oled_base_py/examples
copying /home/pitosalas/linorobot2_ws/src/status_panel/build/status_panel/build/lib/status_panel/qwiic_oled_base_py/package.json -> /home/pitosalas/linorobot2_ws/src/status_panel/install/status_panel/lib/python3.12/site-packages/status_panel/qwiic_oled_base_py
copying /home/pitosalas/linorobot2_ws/src/status_panel/build/status_panel/build/lib/status_panel/qwiic_oled_base_py/pyproject.toml -> /home/pitosalas/linorobot2_ws/src/status_panel/install/status_panel/lib/python3.12/site-packages/status_panel/qwiic_oled_base_py
copying /home/pitosalas/linorobot2_ws/src/status_panel/build/status_panel/build/lib/status_panel/qwiic_oled_base_py/README.md -> /home/pitosalas/linorobot2_ws/src/status_panel/install/status_panel/lib/python3.12/site-packages/status_panel/qwiic_oled_base_py
creating /home/pitosalas/linorobot2_ws/src/status_panel/install/status_panel/lib/python3.12/site-packages/status_panel/qwiic_oled_base_py/qwiic_oled
copying /home/pitosalas/linorobot2_ws/src/status_panel/build/status_panel/build/lib/status_panel/qwiic_oled_base_py/qwiic_oled/oled_logos.py -> /home/pitosalas/linorobot2_ws/src/status_panel/install/status_panel/lib/python3.12/site-packages/status_panel/qwiic_oled_base_py/qwiic_oled
copying /home/pitosalas/linorobot2_ws/src/status_panel/build/status_panel/build/lib/status_panel/qwiic_oled_base_py/qwiic_oled/qwiic_oled_base.py -> /home/pitosalas/linorobot2_ws/src/status_panel/install/status_panel/lib/python3.12/site-packages/status_panel/qwiic_oled_base_py/qwiic_oled
copying /home/pitosalas/linorobot2_ws/src/status_panel/build/status_panel/build/lib/status_panel/qwiic_oled_base_py/qwiic_oled/qwiic_oled_display.py -> /home/pitosalas/linorobot2_ws/src/status_panel/install/status_panel/lib/python3.12/site-packages/status_panel/qwiic_oled_base_py/qwiic_oled
copying /home/pitosalas/linorobot2_ws/src/status_panel/build/status_panel/build/lib/status_panel/qwiic_oled_base_py/qwiic_oled/__init__.py -> /home/pitosalas/linorobot2_ws/src/status_panel/install/status_panel/lib/python3.12/site-packages/status_panel/qwiic_oled_base_py/qwiic_oled
creating /home/pitosalas/linorobot2_ws/src/status_panel/install/status_panel/lib/python3.12/site-packages/status_panel/qwiic_oled_base_py/qwiic_oled/fonts
copying /home/pitosalas/linorobot2_ws/src/status_panel/build/status_panel/build/lib/status_panel/qwiic_oled_base_py/qwiic_oled/fonts/2_7segment.bin -> /home/pitosalas/linorobot2_ws/src/status_panel/install/status_panel/lib/python3.12/site-packages/status_panel/qwiic_oled_base_py/qwiic_oled/fonts
copying /home/pitosalas/linorobot2_ws/src/status_panel/build/status_panel/build/lib/status_panel/qwiic_oled_base_py/qwiic_oled/fonts/0_font5x7.bin -> /home/pitosalas/linorobot2_ws/src/status_panel/install/status_panel/lib/python3.12/site-packages/status_panel/qwiic_oled_base_py/qwiic_oled/fonts
copying /home/pitosalas/linorobot2_ws/src/status_panel/build/status_panel/build/lib/status_panel/qwiic_oled_base_py/qwiic_oled/fonts/3_fontlargenumber.bin -> /home/pitosalas/linorobot2_ws/src/status_panel/install/status_panel/lib/python3.12/site-packages/status_panel/qwiic_oled_base_py/qwiic_oled/fonts
copying /home/pitosalas/linorobot2_ws/src/status_panel/build/status_panel/build/lib/status_panel/qwiic_oled_base_py/qwiic_oled/fonts/1_font8x16.bin -> /home/pitosalas/linorobot2_ws/src/status_panel/install/status_panel/lib/python3.12/site-packages/status_panel/qwiic_oled_base_py/qwiic_oled/fonts
copying /home/pitosalas/linorobot2_ws/src/status_panel/build/status_panel/build/lib/status_panel/qwiic_oled_base_py/qwiic_oled/fonts/4_fontlargeletter31x48.bin -> /home/pitosalas/linorobot2_ws/src/status_panel/install/status_panel/lib/python3.12/site-packages/status_panel/qwiic_oled_base_py/qwiic_oled/fonts
copying /home/pitosalas/linorobot2_ws/src/status_panel/build/status_panel/build/lib/status_panel/qwiic_oled_base_py/qwiic_oled/oled_fonts.py -> /home/pitosalas/linorobot2_ws/src/status_panel/install/status_panel/lib/python3.12/site-packages/status_panel/qwiic_oled_base_py/qwiic_oled
copying /home/pitosalas/linorobot2_ws/src/status_panel/build/status_panel/build/lib/status_panel/qwiic_oled_base_py/qwiic_oled/qwiic_micro_oled.py -> /home/pitosalas/linorobot2_ws/src/status_panel/install/status_panel/lib/python3.12/site-packages/status_panel/qwiic_oled_base_py/qwiic_oled
copying /home/pitosalas/linorobot2_ws/src/status_panel/build/status_panel/build/lib/status_panel/qwiic_oled_base_py/qwiic_oled/qwiic_large_oled.py -> /home/pitosalas/linorobot2_ws/src/status_panel/install/status_panel/lib/python3.12/site-packages/status_panel/qwiic_oled_base_py/qwiic_oled
creating /home/pitosalas/linorobot2_ws/src/status_panel/install/status_panel/lib/python3.12/site-packages/status_panel/qwiic_oled_base_py/docs
creating /home/pitosalas/linorobot2_ws/src/status_panel/install/status_panel/lib/python3.12/site-packages/status_panel/qwiic_oled_base_py/docs/doxygen
creating /home/pitosalas/linorobot2_ws/src/status_panel/install/status_panel/lib/python3.12/site-packages/status_panel/qwiic_oled_base_py/docs/doxygen/doxygen-custom
copying /home/pitosalas/linorobot2_ws/src/status_panel/build/status_panel/build/lib/status_panel/qwiic_oled_base_py/docs/doxygen/doxygen-custom/header.html -> /home/pitosalas/linorobot2_ws/src/status_panel/install/status_panel/lib/python3.12/site-packages/status_panel/qwiic_oled_base_py/docs/doxygen/doxygen-custom
copying /home/pitosalas/linorobot2_ws/src/status_panel/build/status_panel/build/lib/status_panel/qwiic_oled_base_py/docs/doxygen/doxygen-custom/custom.css -> /home/pitosalas/linorobot2_ws/src/status_panel/install/status_panel/lib/python3.12/site-packages/status_panel/qwiic_oled_base_py/docs/doxygen/doxygen-custom
copying /home/pitosalas/linorobot2_ws/src/status_panel/build/status_panel/build/lib/status_panel/qwiic_oled_base_py/docs/doxygen/doxygen-config -> /home/pitosalas/linorobot2_ws/src/status_panel/install/status_panel/lib/python3.12/site-packages/status_panel/qwiic_oled_base_py/docs/doxygen
creating /home/pitosalas/linorobot2_ws/src/status_panel/install/status_panel/lib/python3.12/site-packages/status_panel/qwiic_oled_base_py/docs/doxygen/doxygen-awesome-css
copying /home/pitosalas/linorobot2_ws/src/status_panel/build/status_panel/build/lib/status_panel/qwiic_oled_base_py/docs/doxygen/doxygen-awesome-css/doxygen-awesome-sidebar-only.css -> /home/pitosalas/linorobot2_ws/src/status_panel/install/status_panel/lib/python3.12/site-packages/status_panel/qwiic_oled_base_py/docs/doxygen/doxygen-awesome-css
copying /home/pitosalas/linorobot2_ws/src/status_panel/build/status_panel/build/lib/status_panel/qwiic_oled_base_py/docs/doxygen/doxygen-awesome-css/logo.drawio.svg -> /home/pitosalas/linorobot2_ws/src/status_panel/install/status_panel/lib/python3.12/site-packages/status_panel/qwiic_oled_base_py/docs/doxygen/doxygen-awesome-css
copying /home/pitosalas/linorobot2_ws/src/status_panel/build/status_panel/build/lib/status_panel/qwiic_oled_base_py/docs/doxygen/doxygen-awesome-css/Doxyfile -> /home/pitosalas/linorobot2_ws/src/status_panel/install/status_panel/lib/python3.12/site-packages/status_panel/qwiic_oled_base_py/docs/doxygen/doxygen-awesome-css
copying /home/pitosalas/linorobot2_ws/src/status_panel/build/status_panel/build/lib/status_panel/qwiic_oled_base_py/docs/doxygen/doxygen-awesome-css/LICENSE -> /home/pitosalas/linorobot2_ws/src/status_panel/install/status_panel/lib/python3.12/site-packages/status_panel/qwiic_oled_base_py/docs/doxygen/doxygen-awesome-css
copying /home/pitosalas/linorobot2_ws/src/status_panel/build/status_panel/build/lib/status_panel/qwiic_oled_base_py/docs/doxygen/doxygen-awesome-css/Makefile -> /home/pitosalas/linorobot2_ws/src/status_panel/install/status_panel/lib/python3.12/site-packages/status_panel/qwiic_oled_base_py/docs/doxygen/doxygen-awesome-css
copying /home/pitosalas/linorobot2_ws/src/status_panel/build/status_panel/build/lib/status_panel/qwiic_oled_base_py/docs/doxygen/doxygen-awesome-css/doxygen-awesome-interactive-toc.js -> /home/pitosalas/linorobot2_ws/src/status_panel/install/status_panel/lib/python3.12/site-packages/status_panel/qwiic_oled_base_py/docs/doxygen/doxygen-awesome-css
copying /home/pitosalas/linorobot2_ws/src/status_panel/build/status_panel/build/lib/status_panel/qwiic_oled_base_py/docs/doxygen/doxygen-awesome-css/doxygen-awesome-sidebar-only-darkmode-toggle.css -> /home/pitosalas/linorobot2_ws/src/status_panel/install/status_panel/lib/python3.12/site-packages/status_panel/qwiic_oled_base_py/docs/doxygen/doxygen-awesome-css
copying /home/pitosalas/linorobot2_ws/src/status_panel/build/status_panel/build/lib/status_panel/qwiic_oled_base_py/docs/doxygen/doxygen-awesome-css/doxygen-awesome-paragraph-link.js -> /home/pitosalas/linorobot2_ws/src/status_panel/install/status_panel/lib/python3.12/site-packages/status_panel/qwiic_oled_base_py/docs/doxygen/doxygen-awesome-css
creating /home/pitosalas/linorobot2_ws/src/status_panel/install/status_panel/lib/python3.12/site-packages/status_panel/qwiic_oled_base_py/docs/doxygen/doxygen-awesome-css/doxygen-custom
copying /home/pitosalas/linorobot2_ws/src/status_panel/build/status_panel/build/lib/status_panel/qwiic_oled_base_py/docs/doxygen/doxygen-awesome-css/doxygen-custom/header.html -> /home/pitosalas/linorobot2_ws/src/status_panel/install/status_panel/lib/python3.12/site-packages/status_panel/qwiic_oled_base_py/docs/doxygen/doxygen-awesome-css/doxygen-custom
copying /home/pitosalas/linorobot2_ws/src/status_panel/build/status_panel/build/lib/status_panel/qwiic_oled_base_py/docs/doxygen/doxygen-awesome-css/doxygen-custom/custom.css -> /home/pitosalas/linorobot2_ws/src/status_panel/install/status_panel/lib/python3.12/site-packages/status_panel/qwiic_oled_base_py/docs/doxygen/doxygen-awesome-css/doxygen-custom
copying /home/pitosalas/linorobot2_ws/src/status_panel/build/status_panel/build/lib/status_panel/qwiic_oled_base_py/docs/doxygen/doxygen-awesome-css/doxygen-custom/toggle-alternative-theme.js -> /home/pitosalas/linorobot2_ws/src/status_panel/install/status_panel/lib/python3.12/site-packages/status_panel/qwiic_oled_base_py/docs/doxygen/doxygen-awesome-css/doxygen-custom
copying /home/pitosalas/linorobot2_ws/src/status_panel/build/status_panel/build/lib/status_panel/qwiic_oled_base_py/docs/doxygen/doxygen-awesome-css/doxygen-custom/custom-alternative.css -> /home/pitosalas/linorobot2_ws/src/status_panel/install/status_panel/lib/python3.12/site-packages/status_panel/qwiic_oled_base_py/docs/doxygen/doxygen-awesome-css/doxygen-custom
copying /home/pitosalas/linorobot2_ws/src/status_panel/build/status_panel/build/lib/status_panel/qwiic_oled_base_py/docs/doxygen/doxygen-awesome-css/doxygen-awesome.css -> /home/pitosalas/linorobot2_ws/src/status_panel/install/status_panel/lib/python3.12/site-packages/status_panel/qwiic_oled_base_py/docs/doxygen/doxygen-awesome-css
copying /home/pitosalas/linorobot2_ws/src/status_panel/build/status_panel/build/lib/status_panel/qwiic_oled_base_py/docs/doxygen/doxygen-awesome-css/doxygen-awesome-darkmode-toggle.js -> /home/pitosalas/linorobot2_ws/src/status_panel/install/status_panel/lib/python3.12/site-packages/status_panel/qwiic_oled_base_py/docs/doxygen/doxygen-awesome-css
creating /home/pitosalas/linorobot2_ws/src/status_panel/install/status_panel/lib/python3.12/site-packages/status_panel/qwiic_oled_base_py/docs/doxygen/doxygen-awesome-css/img
copying /home/pitosalas/linorobot2_ws/src/status_panel/build/status_panel/build/lib/status_panel/qwiic_oled_base_py/docs/doxygen/doxygen-awesome-css/img/theme-variants-sidebar-only.drawio.svg -> /home/pitosalas/linorobot2_ws/src/status_panel/install/status_panel/lib/python3.12/site-packages/status_panel/qwiic_oled_base_py/docs/doxygen/doxygen-awesome-css/img
copying /home/pitosalas/linorobot2_ws/src/status_panel/build/status_panel/build/lib/status_panel/qwiic_oled_base_py/docs/doxygen/doxygen-awesome-css/img/theme-variants-base.drawio.svg -> /home/pitosalas/linorobot2_ws/src/status_panel/install/status_panel/lib/python3.12/site-packages/status_panel/qwiic_oled_base_py/docs/doxygen/doxygen-awesome-css/img
copying /home/pitosalas/linorobot2_ws/src/status_panel/build/status_panel/build/lib/status_panel/qwiic_oled_base_py/docs/doxygen/doxygen-awesome-css/img/testimage.png -> /home/pitosalas/linorobot2_ws/src/status_panel/install/status_panel/lib/python3.12/site-packages/status_panel/qwiic_oled_base_py/docs/doxygen/doxygen-awesome-css/img
copying /home/pitosalas/linorobot2_ws/src/status_panel/build/status_panel/build/lib/status_panel/qwiic_oled_base_py/docs/doxygen/doxygen-awesome-css/img/screenshot.png -> /home/pitosalas/linorobot2_ws/src/status_panel/install/status_panel/lib/python3.12/site-packages/status_panel/qwiic_oled_base_py/docs/doxygen/doxygen-awesome-css/img
copying /home/pitosalas/linorobot2_ws/src/status_panel/build/status_panel/build/lib/status_panel/qwiic_oled_base_py/docs/doxygen/doxygen-awesome-css/package.json -> /home/pitosalas/linorobot2_ws/src/status_panel/install/status_panel/lib/python3.12/site-packages/status_panel/qwiic_oled_base_py/docs/doxygen/doxygen-awesome-css
copying /home/pitosalas/linorobot2_ws/src/status_panel/build/status_panel/build/lib/status_panel/qwiic_oled_base_py/docs/doxygen/doxygen-awesome-css/doxygen-awesome-tabs.js -> /home/pitosalas/linorobot2_ws/src/status_panel/install/status_panel/lib/python3.12/site-packages/status_panel/qwiic_oled_base_py/docs/doxygen/doxygen-awesome-css
copying /home/pitosalas/linorobot2_ws/src/status_panel/build/status_panel/build/lib/status_panel/qwiic_oled_base_py/docs/doxygen/doxygen-awesome-css/README.md -> /home/pitosalas/linorobot2_ws/src/status_panel/install/status_panel/lib/python3.12/site-packages/status_panel/qwiic_oled_base_py/docs/doxygen/doxygen-awesome-css
copying /home/pitosalas/linorobot2_ws/src/status_panel/build/status_panel/build/lib/status_panel/qwiic_oled_base_py/docs/doxygen/doxygen-awesome-css/doxygen-awesome-fragment-copy-button.js -> /home/pitosalas/linorobot2_ws/src/status_panel/install/status_panel/lib/python3.12/site-packages/status_panel/qwiic_oled_base_py/docs/doxygen/doxygen-awesome-css
creating /home/pitosalas/linorobot2_ws/src/status_panel/install/status_panel/lib/python3.12/site-packages/status_panel/qwiic_oled_base_py/docs/doxygen/doxygen-awesome-css/docs
copying /home/pitosalas/linorobot2_ws/src/status_panel/build/status_panel/build/lib/status_panel/qwiic_oled_base_py/docs/doxygen/doxygen-awesome-css/docs/extensions.md -> /home/pitosalas/linorobot2_ws/src/status_panel/install/status_panel/lib/python3.12/site-packages/status_panel/qwiic_oled_base_py/docs/doxygen/doxygen-awesome-css/docs
copying /home/pitosalas/linorobot2_ws/src/status_panel/build/status_panel/build/lib/status_panel/qwiic_oled_base_py/docs/doxygen/doxygen-awesome-css/docs/customization.md -> /home/pitosalas/linorobot2_ws/src/status_panel/install/status_panel/lib/python3.12/site-packages/status_panel/qwiic_oled_base_py/docs/doxygen/doxygen-awesome-css/docs
creating /home/pitosalas/linorobot2_ws/src/status_panel/install/status_panel/lib/python3.12/site-packages/status_panel/qwiic_oled_base_py/docs/doxygen/doxygen-awesome-css/docs/img
copying /home/pitosalas/linorobot2_ws/src/status_panel/build/status_panel/build/lib/status_panel/qwiic_oled_base_py/docs/doxygen/doxygen-awesome-css/docs/img/interactive_toc_mobile.png -> /home/pitosalas/linorobot2_ws/src/status_panel/install/status_panel/lib/python3.12/site-packages/status_panel/qwiic_oled_base_py/docs/doxygen/doxygen-awesome-css/docs/img
copying /home/pitosalas/linorobot2_ws/src/status_panel/build/status_panel/build/lib/status_panel/qwiic_oled_base_py/docs/doxygen/doxygen-awesome-css/docs/img/fancy_scrollbars_webkit.gif -> /home/pitosalas/linorobot2_ws/src/status_panel/install/status_panel/lib/python3.12/site-packages/status_panel/qwiic_oled_base_py/docs/doxygen/doxygen-awesome-css/docs/img
copying /home/pitosalas/linorobot2_ws/src/status_panel/build/status_panel/build/lib/status_panel/qwiic_oled_base_py/docs/doxygen/doxygen-awesome-css/docs/img/fancy_scrollbars_firefox.png -> /home/pitosalas/linorobot2_ws/src/status_panel/install/status_panel/lib/python3.12/site-packages/status_panel/qwiic_oled_base_py/docs/doxygen/doxygen-awesome-css/docs/img
copying /home/pitosalas/linorobot2_ws/src/status_panel/build/status_panel/build/lib/status_panel/qwiic_oled_base_py/docs/doxygen/doxygen-awesome-css/docs/img/darkmode_toggle.png -> /home/pitosalas/linorobot2_ws/src/status_panel/install/status_panel/lib/python3.12/site-packages/status_panel/qwiic_oled_base_py/docs/doxygen/doxygen-awesome-css/docs/img
copying /home/pitosalas/linorobot2_ws/src/status_panel/build/status_panel/build/lib/status_panel/qwiic_oled_base_py/docs/doxygen/doxygen-awesome-css/docs/img/fragment_copy_button.png -> /home/pitosalas/linorobot2_ws/src/status_panel/install/status_panel/lib/python3.12/site-packages/status_panel/qwiic_oled_base_py/docs/doxygen/doxygen-awesome-css/docs/img
copying /home/pitosalas/linorobot2_ws/src/status_panel/build/status_panel/build/lib/status_panel/qwiic_oled_base_py/docs/doxygen/doxygen-awesome-css/docs/img/paragraph_link.png -> /home/pitosalas/linorobot2_ws/src/status_panel/install/status_panel/lib/python3.12/site-packages/status_panel/qwiic_oled_base_py/docs/doxygen/doxygen-awesome-css/docs/img
copying /home/pitosalas/linorobot2_ws/src/status_panel/build/status_panel/build/lib/status_panel/qwiic_oled_base_py/docs/doxygen/doxygen-awesome-css/docs/tricks.md -> /home/pitosalas/linorobot2_ws/src/status_panel/install/status_panel/lib/python3.12/site-packages/status_panel/qwiic_oled_base_py/docs/doxygen/doxygen-awesome-css/docs
creating /home/pitosalas/linorobot2_ws/src/status_panel/install/status_panel/lib/python3.12/site-packages/status_panel/qwiic_oled_base_py/docs/doxygen/doxygen-awesome-css/include
creating /home/pitosalas/linorobot2_ws/src/status_panel/install/status_panel/lib/python3.12/site-packages/status_panel/qwiic_oled_base_py/docs/doxygen/doxygen-awesome-css/include/MyLibrary
copying /home/pitosalas/linorobot2_ws/src/status_panel/build/status_panel/build/lib/status_panel/qwiic_oled_base_py/docs/doxygen/doxygen-awesome-css/include/MyLibrary/example.hpp -> /home/pitosalas/linorobot2_ws/src/status_panel/install/status_panel/lib/python3.12/site-packages/status_panel/qwiic_oled_base_py/docs/doxygen/doxygen-awesome-css/include/MyLibrary
copying /home/pitosalas/linorobot2_ws/src/status_panel/build/status_panel/build/lib/status_panel/qwiic_oled_base_py/docs/doxygen/doxygen-awesome-css/include/MyLibrary/subclass-example.hpp -> /home/pitosalas/linorobot2_ws/src/status_panel/install/status_panel/lib/python3.12/site-packages/status_panel/qwiic_oled_base_py/docs/doxygen/doxygen-awesome-css/include/MyLibrary
copying /home/pitosalas/linorobot2_ws/src/status_panel/build/status_panel/build/lib/status_panel/qwiic_oled_base_py/docs/requirements.txt -> /home/pitosalas/linorobot2_ws/src/status_panel/install/status_panel/lib/python3.12/site-packages/status_panel/qwiic_oled_base_py/docs
creating /home/pitosalas/linorobot2_ws/src/status_panel/install/status_panel/lib/python3.12/site-packages/status_panel/qwiic_oled_base_py/docs/images
copying /home/pitosalas/linorobot2_ws/src/status_panel/build/status_panel/build/lib/status_panel/qwiic_oled_base_py/docs/images/gh-banner.png -> /home/pitosalas/linorobot2_ws/src/status_panel/install/status_panel/lib/python3.12/site-packages/status_panel/qwiic_oled_base_py/docs/images
copying /home/pitosalas/linorobot2_ws/src/status_panel/build/status_panel/build/lib/status_panel/qwiic_oled_base_py/docs/images/sfe_flame.png -> /home/pitosalas/linorobot2_ws/src/status_panel/install/status_panel/lib/python3.12/site-packages/status_panel/qwiic_oled_base_py/docs/images
creating /home/pitosalas/linorobot2_ws/src/status_panel/install/status_panel/lib/python3.12/site-packages/status_panel/qwiic_oled_base_py/docs/_static
copying /home/pitosalas/linorobot2_ws/src/status_panel/build/status_panel/build/lib/status_panel/qwiic_oled_base_py/docs/_static/favicon.ico -> /home/pitosalas/linorobot2_ws/src/status_panel/install/status_panel/lib/python3.12/site-packages/status_panel/qwiic_oled_base_py/docs/_static
copying /home/pitosalas/linorobot2_ws/src/status_panel/build/status_panel/build/lib/status_panel/display1.py -> /home/pitosalas/linorobot2_ws/src/status_panel/install/status_panel/lib/python3.12/site-packages/status_panel
creating /home/pitosalas/linorobot2_ws/src/status_panel/install/status_panel/lib/python3.12/site-packages/status_panel/build
copying /home/pitosalas/linorobot2_ws/src/status_panel/build/status_panel/build/lib/status_panel/build/COLCON_IGNORE -> /home/pitosalas/linorobot2_ws/src/status_panel/install/status_panel/lib/python3.12/site-packages/status_panel/build
copying /home/pitosalas/linorobot2_ws/src/status_panel/build/status_panel/build/lib/status_panel/demo.py -> /home/pitosalas/linorobot2_ws/src/status_panel/install/status_panel/lib/python3.12/site-packages/status_panel
byte-compiling /home/pitosalas/linorobot2_ws/src/status_panel/install/status_panel/lib/python3.12/site-packages/status_panel/display2.py to display2.cpython-312.pyc
byte-compiling /home/pitosalas/linorobot2_ws/src/status_panel/install/status_panel/lib/python3.12/site-packages/status_panel/install/_local_setup_util_sh.py to _local_setup_util_sh.cpython-312.pyc
byte-compiling /home/pitosalas/linorobot2_ws/src/status_panel/install/status_panel/lib/python3.12/site-packages/status_panel/install/_local_setup_util_ps1.py to _local_setup_util_ps1.cpython-312.pyc
byte-compiling /home/pitosalas/linorobot2_ws/src/status_panel/install/status_panel/lib/python3.12/site-packages/status_panel/status_panel_node.py to status_panel_node.cpython-312.pyc
byte-compiling /home/pitosalas/linorobot2_ws/src/status_panel/install/status_panel/lib/python3.12/site-packages/status_panel/qwiic_oled_base_py/examples/ex3_demo.py to ex3_demo.cpython-312.pyc
byte-compiling /home/pitosalas/linorobot2_ws/src/status_panel/install/status_panel/lib/python3.12/site-packages/status_panel/qwiic_oled_base_py/examples/ex2_hello_world.py to ex2_hello_world.cpython-312.pyc
byte-compiling /home/pitosalas/linorobot2_ws/src/status_panel/install/status_panel/lib/python3.12/site-packages/status_panel/qwiic_oled_base_py/examples/ex5_micro_bitmap.py to ex5_micro_bitmap.cpython-312.pyc
byte-compiling /home/pitosalas/linorobot2_ws/src/status_panel/install/status_panel/lib/python3.12/site-packages/status_panel/qwiic_oled_base_py/examples/ex1_splash_screen.py to ex1_splash_screen.cpython-312.pyc
byte-compiling /home/pitosalas/linorobot2_ws/src/status_panel/install/status_panel/lib/python3.12/site-packages/status_panel/qwiic_oled_base_py/examples/ex4_cube.py to ex4_cube.cpython-312.pyc
byte-compiling /home/pitosalas/linorobot2_ws/src/status_panel/install/status_panel/lib/python3.12/site-packages/status_panel/qwiic_oled_base_py/qwiic_oled/oled_logos.py to oled_logos.cpython-312.pyc
byte-compiling /home/pitosalas/linorobot2_ws/src/status_panel/install/status_panel/lib/python3.12/site-packages/status_panel/qwiic_oled_base_py/qwiic_oled/qwiic_oled_base.py to qwiic_oled_base.cpython-312.pyc
byte-compiling /home/pitosalas/linorobot2_ws/src/status_panel/install/status_panel/lib/python3.12/site-packages/status_panel/qwiic_oled_base_py/qwiic_oled/qwiic_oled_display.py to qwiic_oled_display.cpython-312.pyc
byte-compiling /home/pitosalas/linorobot2_ws/src/status_panel/install/status_panel/lib/python3.12/site-packages/status_panel/qwiic_oled_base_py/qwiic_oled/__init__.py to __init__.cpython-312.pyc
byte-compiling /home/pitosalas/linorobot2_ws/src/status_panel/install/status_panel/lib/python3.12/site-packages/status_panel/qwiic_oled_base_py/qwiic_oled/oled_fonts.py to oled_fonts.cpython-312.pyc
byte-compiling /home/pitosalas/linorobot2_ws/src/status_panel/install/status_panel/lib/python3.12/site-packages/status_panel/qwiic_oled_base_py/qwiic_oled/qwiic_micro_oled.py to qwiic_micro_oled.cpython-312.pyc
byte-compiling /home/pitosalas/linorobot2_ws/src/status_panel/install/status_panel/lib/python3.12/site-packages/status_panel/qwiic_oled_base_py/qwiic_oled/qwiic_large_oled.py to qwiic_large_oled.cpython-312.pyc
byte-compiling /home/pitosalas/linorobot2_ws/src/status_panel/install/status_panel/lib/python3.12/site-packages/status_panel/display1.py to display1.cpython-312.pyc
byte-compiling /home/pitosalas/linorobot2_ws/src/status_panel/install/status_panel/lib/python3.12/site-packages/status_panel/demo.py to demo.cpython-312.pyc
running install_data
running install_egg_info
removing '/home/pitosalas/linorobot2_ws/src/status_panel/install/status_panel/lib/python3.12/site-packages/status_panel-0.1.0-py3.12.egg-info' (and everything under it)
Copying build/status_panel/status_panel.egg-info to /home/pitosalas/linorobot2_ws/src/status_panel/install/status_panel/lib/python3.12/site-packages/status_panel-0.1.0-py3.12.egg-info
running install_scripts
Installing d1 script to /home/pitosalas/linorobot2_ws/src/status_panel/install/status_panel/lib/status_panel
Installing d2 script to /home/pitosalas/linorobot2_ws/src/status_panel/install/status_panel/lib/status_panel
Installing demo script to /home/pitosalas/linorobot2_ws/src/status_panel/install/status_panel/lib/status_panel
Installing display_ros script to /home/pitosalas/linorobot2_ws/src/status_panel/install/status_panel/lib/status_panel
Installing status_panel_node script to /home/pitosalas/linorobot2_ws/src/status_panel/install/status_panel/lib/status_panel
writing list of installed files to '/home/pitosalas/linorobot2_ws/src/status_panel/build/status_panel/install.log'
