[8.239s] Invoking command in '/home/pitosalas/linorobot2_ws/src/status_panel': PS1=[\h:\w] PYTHONPATH=/home/pitosalas/linorobot2_ws/src/status_panel/build/status_panel/prefix_override:/usr/lib/python3/dist-packages/colcon_core/task/python/colcon_distutils_commands:/home/pitosalas/linorobot2_ws/src/status_panel/install/status_panel/lib/python3.12/site-packages:${PYTHONPATH} /usr/bin/python3 -W ignore:setup.py install is deprecated -W ignore:easy_install command is deprecated setup.py egg_info --egg-base build/status_panel build --build-base /home/pitosalas/linorobot2_ws/src/status_panel/build/status_panel/build install --record /home/pitosalas/linorobot2_ws/src/status_panel/build/status_panel/install.log --single-version-externally-managed install_data
[10.435s] running egg_info
[10.438s] creating build/status_panel/status_panel.egg-info
[10.623s] writing build/status_panel/status_panel.egg-info/PKG-INFO
[10.625s] writing dependency_links to build/status_panel/status_panel.egg-info/dependency_links.txt
[10.626s] writing entry points to build/status_panel/status_panel.egg-info/entry_points.txt
[10.629s] writing requirements to build/status_panel/status_panel.egg-info/requires.txt
[10.630s] writing top-level names to build/status_panel/status_panel.egg-info/top_level.txt
[10.630s] writing manifest file 'build/status_panel/status_panel.egg-info/SOURCES.txt'
[11.018s] reading manifest file 'build/status_panel/status_panel.egg-info/SOURCES.txt'
[11.026s] writing manifest file 'build/status_panel/status_panel.egg-info/SOURCES.txt'
[11.027s] running build
[11.028s] running build_py
[11.029s] creating /home/pitosalas/linorobot2_ws/src/status_panel/build/status_panel/build
[11.030s] creating /home/pitosalas/linorobot2_ws/src/status_panel/build/status_panel/build/lib
[11.030s] creating /home/pitosalas/linorobot2_ws/src/status_panel/build/status_panel/build/lib/status_panel
[11.031s] copying status_panel/display2.py -> /home/pitosalas/linorobot2_ws/src/status_panel/build/status_panel/build/lib/status_panel
[11.032s] copying status_panel/status_panel_node.py -> /home/pitosalas/linorobot2_ws/src/status_panel/build/status_panel/build/lib/status_panel
[11.034s] copying status_panel/display1.py -> /home/pitosalas/linorobot2_ws/src/status_panel/build/status_panel/build/lib/status_panel
[11.034s] copying status_panel/demo.py -> /home/pitosalas/linorobot2_ws/src/status_panel/build/status_panel/build/lib/status_panel
[11.035s] copying status_panel/__init__.py -> /home/pitosalas/linorobot2_ws/src/status_panel/build/status_panel/build/lib/status_panel
[11.051s] creating /home/pitosalas/linorobot2_ws/src/status_panel/build/status_panel/build/lib/status_panel/install
[11.052s] copying status_panel/install/setup.ps1 -> /home/pitosalas/linorobot2_ws/src/status_panel/build/status_panel/build/lib/status_panel/install
[11.054s] copying status_panel/install/local_setup.sh -> /home/pitosalas/linorobot2_ws/src/status_panel/build/status_panel/build/lib/status_panel/install
[11.058s] copying status_panel/install/_local_setup_util_sh.py -> /home/pitosalas/linorobot2_ws/src/status_panel/build/status_panel/build/lib/status_panel/install
[11.059s] copying status_panel/install/setup.bash -> /home/pitosalas/linorobot2_ws/src/status_panel/build/status_panel/build/lib/status_panel/install
[11.060s] copying status_panel/install/setup.zsh -> /home/pitosalas/linorobot2_ws/src/status_panel/build/status_panel/build/lib/status_panel/install
[11.063s] copying status_panel/install/local_setup.zsh -> /home/pitosalas/linorobot2_ws/src/status_panel/build/status_panel/build/lib/status_panel/install
[11.064s] copying status_panel/install/local_setup.bash -> /home/pitosalas/linorobot2_ws/src/status_panel/build/status_panel/build/lib/status_panel/install
[11.066s] copying status_panel/install/COLCON_IGNORE -> /home/pitosalas/linorobot2_ws/src/status_panel/build/status_panel/build/lib/status_panel/install
[11.067s] copying status_panel/install/_local_setup_util_ps1.py -> /home/pitosalas/linorobot2_ws/src/status_panel/build/status_panel/build/lib/status_panel/install
[11.069s] copying status_panel/install/local_setup.ps1 -> /home/pitosalas/linorobot2_ws/src/status_panel/build/status_panel/build/lib/status_panel/install
[11.070s] copying status_panel/install/setup.sh -> /home/pitosalas/linorobot2_ws/src/status_panel/build/status_panel/build/lib/status_panel/install
[11.072s] creating /home/pitosalas/linorobot2_ws/src/status_panel/build/status_panel/build/lib/status_panel/qwiic_oled_base_py
[11.072s] copying status_panel/qwiic_oled_base_py/LICENSE -> /home/pitosalas/linorobot2_ws/src/status_panel/build/status_panel/build/lib/status_panel/qwiic_oled_base_py
[11.074s] copying status_panel/qwiic_oled_base_py/MANIFEST.in -> /home/pitosalas/linorobot2_ws/src/status_panel/build/status_panel/build/lib/status_panel/qwiic_oled_base_py
[11.075s] copying status_panel/qwiic_oled_base_py/DESCRIPTION.rst -> /home/pitosalas/linorobot2_ws/src/status_panel/build/status_panel/build/lib/status_panel/qwiic_oled_base_py
[11.077s] copying status_panel/qwiic_oled_base_py/requirements.txt -> /home/pitosalas/linorobot2_ws/src/status_panel/build/status_panel/build/lib/status_panel/qwiic_oled_base_py
[11.078s] copying status_panel/qwiic_oled_base_py/package.json -> /home/pitosalas/linorobot2_ws/src/status_panel/build/status_panel/build/lib/status_panel/qwiic_oled_base_py
[11.080s] copying status_panel/qwiic_oled_base_py/pyproject.toml -> /home/pitosalas/linorobot2_ws/src/status_panel/build/status_panel/build/lib/status_panel/qwiic_oled_base_py
[11.081s] copying status_panel/qwiic_oled_base_py/README.md -> /home/pitosalas/linorobot2_ws/src/status_panel/build/status_panel/build/lib/status_panel/qwiic_oled_base_py
[11.090s] creating /home/pitosalas/linorobot2_ws/src/status_panel/build/status_panel/build/lib/status_panel/qwiic_oled_base_py/examples
[11.091s] copying status_panel/qwiic_oled_base_py/examples/ex3_demo.py -> /home/pitosalas/linorobot2_ws/src/status_panel/build/status_panel/build/lib/status_panel/qwiic_oled_base_py/examples
[11.092s] copying status_panel/qwiic_oled_base_py/examples/ex2_hello_world.py -> /home/pitosalas/linorobot2_ws/src/status_panel/build/status_panel/build/lib/status_panel/qwiic_oled_base_py/examples
[11.093s] copying status_panel/qwiic_oled_base_py/examples/ex5_micro_bitmap.py -> /home/pitosalas/linorobot2_ws/src/status_panel/build/status_panel/build/lib/status_panel/qwiic_oled_base_py/examples
[11.094s] copying status_panel/qwiic_oled_base_py/examples/ex1_splash_screen.py -> /home/pitosalas/linorobot2_ws/src/status_panel/build/status_panel/build/lib/status_panel/qwiic_oled_base_py/examples
[11.096s] copying status_panel/qwiic_oled_base_py/examples/README.md -> /home/pitosalas/linorobot2_ws/src/status_panel/build/status_panel/build/lib/status_panel/qwiic_oled_base_py/examples
[11.098s] copying status_panel/qwiic_oled_base_py/examples/ex4_cube.py -> /home/pitosalas/linorobot2_ws/src/status_panel/build/status_panel/build/lib/status_panel/qwiic_oled_base_py/examples
[11.099s] creating /home/pitosalas/linorobot2_ws/src/status_panel/build/status_panel/build/lib/status_panel/qwiic_oled_base_py/qwiic_oled
[11.100s] copying status_panel/qwiic_oled_base_py/qwiic_oled/oled_logos.py -> /home/pitosalas/linorobot2_ws/src/status_panel/build/status_panel/build/lib/status_panel/qwiic_oled_base_py/qwiic_oled
[11.101s] copying status_panel/qwiic_oled_base_py/qwiic_oled/qwiic_oled_base.py -> /home/pitosalas/linorobot2_ws/src/status_panel/build/status_panel/build/lib/status_panel/qwiic_oled_base_py/qwiic_oled
[11.103s] copying status_panel/qwiic_oled_base_py/qwiic_oled/qwiic_oled_display.py -> /home/pitosalas/linorobot2_ws/src/status_panel/build/status_panel/build/lib/status_panel/qwiic_oled_base_py/qwiic_oled
[11.104s] copying status_panel/qwiic_oled_base_py/qwiic_oled/__init__.py -> /home/pitosalas/linorobot2_ws/src/status_panel/build/status_panel/build/lib/status_panel/qwiic_oled_base_py/qwiic_oled
[11.106s] copying status_panel/qwiic_oled_base_py/qwiic_oled/oled_fonts.py -> /home/pitosalas/linorobot2_ws/src/status_panel/build/status_panel/build/lib/status_panel/qwiic_oled_base_py/qwiic_oled
[11.107s] copying status_panel/qwiic_oled_base_py/qwiic_oled/qwiic_micro_oled.py -> /home/pitosalas/linorobot2_ws/src/status_panel/build/status_panel/build/lib/status_panel/qwiic_oled_base_py/qwiic_oled
[11.108s] copying status_panel/qwiic_oled_base_py/qwiic_oled/qwiic_large_oled.py -> /home/pitosalas/linorobot2_ws/src/status_panel/build/status_panel/build/lib/status_panel/qwiic_oled_base_py/qwiic_oled
[11.109s] creating /home/pitosalas/linorobot2_ws/src/status_panel/build/status_panel/build/lib/status_panel/qwiic_oled_base_py/qwiic_oled/fonts
[11.110s] copying status_panel/qwiic_oled_base_py/qwiic_oled/fonts/2_7segment.bin -> /home/pitosalas/linorobot2_ws/src/status_panel/build/status_panel/build/lib/status_panel/qwiic_oled_base_py/qwiic_oled/fonts
[11.112s] copying status_panel/qwiic_oled_base_py/qwiic_oled/fonts/0_font5x7.bin -> /home/pitosalas/linorobot2_ws/src/status_panel/build/status_panel/build/lib/status_panel/qwiic_oled_base_py/qwiic_oled/fonts
[11.113s] copying status_panel/qwiic_oled_base_py/qwiic_oled/fonts/3_fontlargenumber.bin -> /home/pitosalas/linorobot2_ws/src/status_panel/build/status_panel/build/lib/status_panel/qwiic_oled_base_py/qwiic_oled/fonts
[11.116s] copying status_panel/qwiic_oled_base_py/qwiic_oled/fonts/1_font8x16.bin -> /home/pitosalas/linorobot2_ws/src/status_panel/build/status_panel/build/lib/status_panel/qwiic_oled_base_py/qwiic_oled/fonts
[11.117s] copying status_panel/qwiic_oled_base_py/qwiic_oled/fonts/4_fontlargeletter31x48.bin -> /home/pitosalas/linorobot2_ws/src/status_panel/build/status_panel/build/lib/status_panel/qwiic_oled_base_py/qwiic_oled/fonts
[11.120s] creating /home/pitosalas/linorobot2_ws/src/status_panel/build/status_panel/build/lib/status_panel/qwiic_oled_base_py/docs
[11.121s] copying status_panel/qwiic_oled_base_py/docs/requirements.txt -> /home/pitosalas/linorobot2_ws/src/status_panel/build/status_panel/build/lib/status_panel/qwiic_oled_base_py/docs
[11.122s] creating /home/pitosalas/linorobot2_ws/src/status_panel/build/status_panel/build/lib/status_panel/qwiic_oled_base_py/docs/doxygen
[11.123s] copying status_panel/qwiic_oled_base_py/docs/doxygen/doxygen-config -> /home/pitosalas/linorobot2_ws/src/status_panel/build/status_panel/build/lib/status_panel/qwiic_oled_base_py/docs/doxygen
[11.129s] creating /home/pitosalas/linorobot2_ws/src/status_panel/build/status_panel/build/lib/status_panel/qwiic_oled_base_py/docs/doxygen/doxygen-custom
[11.130s] copying status_panel/qwiic_oled_base_py/docs/doxygen/doxygen-custom/header.html -> /home/pitosalas/linorobot2_ws/src/status_panel/build/status_panel/build/lib/status_panel/qwiic_oled_base_py/docs/doxygen/doxygen-custom
[11.132s] copying status_panel/qwiic_oled_base_py/docs/doxygen/doxygen-custom/custom.css -> /home/pitosalas/linorobot2_ws/src/status_panel/build/status_panel/build/lib/status_panel/qwiic_oled_base_py/docs/doxygen/doxygen-custom
[11.134s] creating /home/pitosalas/linorobot2_ws/src/status_panel/build/status_panel/build/lib/status_panel/qwiic_oled_base_py/docs/doxygen/doxygen-awesome-css
[11.135s] copying status_panel/qwiic_oled_base_py/docs/doxygen/doxygen-awesome-css/doxygen-awesome-sidebar-only.css -> /home/pitosalas/linorobot2_ws/src/status_panel/build/status_panel/build/lib/status_panel/qwiic_oled_base_py/docs/doxygen/doxygen-awesome-css
[11.137s] copying status_panel/qwiic_oled_base_py/docs/doxygen/doxygen-awesome-css/logo.drawio.svg -> /home/pitosalas/linorobot2_ws/src/status_panel/build/status_panel/build/lib/status_panel/qwiic_oled_base_py/docs/doxygen/doxygen-awesome-css
[11.139s] copying status_panel/qwiic_oled_base_py/docs/doxygen/doxygen-awesome-css/Doxyfile -> /home/pitosalas/linorobot2_ws/src/status_panel/build/status_panel/build/lib/status_panel/qwiic_oled_base_py/docs/doxygen/doxygen-awesome-css
[11.144s] copying status_panel/qwiic_oled_base_py/docs/doxygen/doxygen-awesome-css/LICENSE -> /home/pitosalas/linorobot2_ws/src/status_panel/build/status_panel/build/lib/status_panel/qwiic_oled_base_py/docs/doxygen/doxygen-awesome-css
[11.147s] copying status_panel/qwiic_oled_base_py/docs/doxygen/doxygen-awesome-css/Makefile -> /home/pitosalas/linorobot2_ws/src/status_panel/build/status_panel/build/lib/status_panel/qwiic_oled_base_py/docs/doxygen/doxygen-awesome-css
[11.148s] copying status_panel/qwiic_oled_base_py/docs/doxygen/doxygen-awesome-css/doxygen-awesome-interactive-toc.js -> /home/pitosalas/linorobot2_ws/src/status_panel/build/status_panel/build/lib/status_panel/qwiic_oled_base_py/docs/doxygen/doxygen-awesome-css
[11.150s] copying status_panel/qwiic_oled_base_py/docs/doxygen/doxygen-awesome-css/doxygen-awesome-sidebar-only-darkmode-toggle.css -> /home/pitosalas/linorobot2_ws/src/status_panel/build/status_panel/build/lib/status_panel/qwiic_oled_base_py/docs/doxygen/doxygen-awesome-css
[11.153s] copying status_panel/qwiic_oled_base_py/docs/doxygen/doxygen-awesome-css/doxygen-awesome-paragraph-link.js -> /home/pitosalas/linorobot2_ws/src/status_panel/build/status_panel/build/lib/status_panel/qwiic_oled_base_py/docs/doxygen/doxygen-awesome-css
[11.156s] copying status_panel/qwiic_oled_base_py/docs/doxygen/doxygen-awesome-css/doxygen-awesome.css -> /home/pitosalas/linorobot2_ws/src/status_panel/build/status_panel/build/lib/status_panel/qwiic_oled_base_py/docs/doxygen/doxygen-awesome-css
[11.160s] copying status_panel/qwiic_oled_base_py/docs/doxygen/doxygen-awesome-css/doxygen-awesome-darkmode-toggle.js -> /home/pitosalas/linorobot2_ws/src/status_panel/build/status_panel/build/lib/status_panel/qwiic_oled_base_py/docs/doxygen/doxygen-awesome-css
[11.163s] copying status_panel/qwiic_oled_base_py/docs/doxygen/doxygen-awesome-css/package.json -> /home/pitosalas/linorobot2_ws/src/status_panel/build/status_panel/build/lib/status_panel/qwiic_oled_base_py/docs/doxygen/doxygen-awesome-css
[11.166s] copying status_panel/qwiic_oled_base_py/docs/doxygen/doxygen-awesome-css/doxygen-awesome-tabs.js -> /home/pitosalas/linorobot2_ws/src/status_panel/build/status_panel/build/lib/status_panel/qwiic_oled_base_py/docs/doxygen/doxygen-awesome-css
[11.168s] copying status_panel/qwiic_oled_base_py/docs/doxygen/doxygen-awesome-css/README.md -> /home/pitosalas/linorobot2_ws/src/status_panel/build/status_panel/build/lib/status_panel/qwiic_oled_base_py/docs/doxygen/doxygen-awesome-css
[11.170s] copying status_panel/qwiic_oled_base_py/docs/doxygen/doxygen-awesome-css/doxygen-awesome-fragment-copy-button.js -> /home/pitosalas/linorobot2_ws/src/status_panel/build/status_panel/build/lib/status_panel/qwiic_oled_base_py/docs/doxygen/doxygen-awesome-css
[11.173s] creating /home/pitosalas/linorobot2_ws/src/status_panel/build/status_panel/build/lib/status_panel/qwiic_oled_base_py/docs/doxygen/doxygen-awesome-css/doxygen-custom
[11.174s] copying status_panel/qwiic_oled_base_py/docs/doxygen/doxygen-awesome-css/doxygen-custom/header.html -> /home/pitosalas/linorobot2_ws/src/status_panel/build/status_panel/build/lib/status_panel/qwiic_oled_base_py/docs/doxygen/doxygen-awesome-css/doxygen-custom
[11.175s] copying status_panel/qwiic_oled_base_py/docs/doxygen/doxygen-awesome-css/doxygen-custom/custom.css -> /home/pitosalas/linorobot2_ws/src/status_panel/build/status_panel/build/lib/status_panel/qwiic_oled_base_py/docs/doxygen/doxygen-awesome-css/doxygen-custom
[11.177s] copying status_panel/qwiic_oled_base_py/docs/doxygen/doxygen-awesome-css/doxygen-custom/toggle-alternative-theme.js -> /home/pitosalas/linorobot2_ws/src/status_panel/build/status_panel/build/lib/status_panel/qwiic_oled_base_py/docs/doxygen/doxygen-awesome-css/doxygen-custom
[11.179s] copying status_panel/qwiic_oled_base_py/docs/doxygen/doxygen-awesome-css/doxygen-custom/custom-alternative.css -> /home/pitosalas/linorobot2_ws/src/status_panel/build/status_panel/build/lib/status_panel/qwiic_oled_base_py/docs/doxygen/doxygen-awesome-css/doxygen-custom
[11.181s] creating /home/pitosalas/linorobot2_ws/src/status_panel/build/status_panel/build/lib/status_panel/qwiic_oled_base_py/docs/doxygen/doxygen-awesome-css/img
[11.182s] copying status_panel/qwiic_oled_base_py/docs/doxygen/doxygen-awesome-css/img/theme-variants-sidebar-only.drawio.svg -> /home/pitosalas/linorobot2_ws/src/status_panel/build/status_panel/build/lib/status_panel/qwiic_oled_base_py/docs/doxygen/doxygen-awesome-css/img
[11.184s] copying status_panel/qwiic_oled_base_py/docs/doxygen/doxygen-awesome-css/img/theme-variants-base.drawio.svg -> /home/pitosalas/linorobot2_ws/src/status_panel/build/status_panel/build/lib/status_panel/qwiic_oled_base_py/docs/doxygen/doxygen-awesome-css/img
[11.193s] copying status_panel/qwiic_oled_base_py/docs/doxygen/doxygen-awesome-css/img/testimage.png -> /home/pitosalas/linorobot2_ws/src/status_panel/build/status_panel/build/lib/status_panel/qwiic_oled_base_py/docs/doxygen/doxygen-awesome-css/img
[11.195s] copying status_panel/qwiic_oled_base_py/docs/doxygen/doxygen-awesome-css/img/screenshot.png -> /home/pitosalas/linorobot2_ws/src/status_panel/build/status_panel/build/lib/status_panel/qwiic_oled_base_py/docs/doxygen/doxygen-awesome-css/img
[11.203s] creating /home/pitosalas/linorobot2_ws/src/status_panel/build/status_panel/build/lib/status_panel/qwiic_oled_base_py/docs/doxygen/doxygen-awesome-css/docs
[11.204s] copying status_panel/qwiic_oled_base_py/docs/doxygen/doxygen-awesome-css/docs/extensions.md -> /home/pitosalas/linorobot2_ws/src/status_panel/build/status_panel/build/lib/status_panel/qwiic_oled_base_py/docs/doxygen/doxygen-awesome-css/docs
[11.206s] copying status_panel/qwiic_oled_base_py/docs/doxygen/doxygen-awesome-css/docs/customization.md -> /home/pitosalas/linorobot2_ws/src/status_panel/build/status_panel/build/lib/status_panel/qwiic_oled_base_py/docs/doxygen/doxygen-awesome-css/docs
[11.209s] copying status_panel/qwiic_oled_base_py/docs/doxygen/doxygen-awesome-css/docs/tricks.md -> /home/pitosalas/linorobot2_ws/src/status_panel/build/status_panel/build/lib/status_panel/qwiic_oled_base_py/docs/doxygen/doxygen-awesome-css/docs
[11.211s] creating /home/pitosalas/linorobot2_ws/src/status_panel/build/status_panel/build/lib/status_panel/qwiic_oled_base_py/docs/doxygen/doxygen-awesome-css/docs/img
[11.213s] copying status_panel/qwiic_oled_base_py/docs/doxygen/doxygen-awesome-css/docs/img/interactive_toc_mobile.png -> /home/pitosalas/linorobot2_ws/src/status_panel/build/status_panel/build/lib/status_panel/qwiic_oled_base_py/docs/doxygen/doxygen-awesome-css/docs/img
[11.216s] copying status_panel/qwiic_oled_base_py/docs/doxygen/doxygen-awesome-css/docs/img/fancy_scrollbars_webkit.gif -> /home/pitosalas/linorobot2_ws/src/status_panel/build/status_panel/build/lib/status_panel/qwiic_oled_base_py/docs/doxygen/doxygen-awesome-css/docs/img
[11.348s] copying status_panel/qwiic_oled_base_py/docs/doxygen/doxygen-awesome-css/docs/img/fancy_scrollbars_firefox.png -> /home/pitosalas/linorobot2_ws/src/status_panel/build/status_panel/build/lib/status_panel/qwiic_oled_base_py/docs/doxygen/doxygen-awesome-css/docs/img
[11.355s] copying status_panel/qwiic_oled_base_py/docs/doxygen/doxygen-awesome-css/docs/img/darkmode_toggle.png -> /home/pitosalas/linorobot2_ws/src/status_panel/build/status_panel/build/lib/status_panel/qwiic_oled_base_py/docs/doxygen/doxygen-awesome-css/docs/img
[11.361s] copying status_panel/qwiic_oled_base_py/docs/doxygen/doxygen-awesome-css/docs/img/fragment_copy_button.png -> /home/pitosalas/linorobot2_ws/src/status_panel/build/status_panel/build/lib/status_panel/qwiic_oled_base_py/docs/doxygen/doxygen-awesome-css/docs/img
[11.368s] copying status_panel/qwiic_oled_base_py/docs/doxygen/doxygen-awesome-css/docs/img/paragraph_link.png -> /home/pitosalas/linorobot2_ws/src/status_panel/build/status_panel/build/lib/status_panel/qwiic_oled_base_py/docs/doxygen/doxygen-awesome-css/docs/img
[11.376s] creating /home/pitosalas/linorobot2_ws/src/status_panel/build/status_panel/build/lib/status_panel/qwiic_oled_base_py/docs/doxygen/doxygen-awesome-css/include
[11.377s] creating /home/pitosalas/linorobot2_ws/src/status_panel/build/status_panel/build/lib/status_panel/qwiic_oled_base_py/docs/doxygen/doxygen-awesome-css/include/MyLibrary
[11.377s] copying status_panel/qwiic_oled_base_py/docs/doxygen/doxygen-awesome-css/include/MyLibrary/example.hpp -> /home/pitosalas/linorobot2_ws/src/status_panel/build/status_panel/build/lib/status_panel/qwiic_oled_base_py/docs/doxygen/doxygen-awesome-css/include/MyLibrary
[11.381s] copying status_panel/qwiic_oled_base_py/docs/doxygen/doxygen-awesome-css/include/MyLibrary/subclass-example.hpp -> /home/pitosalas/linorobot2_ws/src/status_panel/build/status_panel/build/lib/status_panel/qwiic_oled_base_py/docs/doxygen/doxygen-awesome-css/include/MyLibrary
[11.382s] creating /home/pitosalas/linorobot2_ws/src/status_panel/build/status_panel/build/lib/status_panel/qwiic_oled_base_py/docs/images
[11.384s] copying status_panel/qwiic_oled_base_py/docs/images/gh-banner.png -> /home/pitosalas/linorobot2_ws/src/status_panel/build/status_panel/build/lib/status_panel/qwiic_oled_base_py/docs/images
[11.400s] copying status_panel/qwiic_oled_base_py/docs/images/sfe_flame.png -> /home/pitosalas/linorobot2_ws/src/status_panel/build/status_panel/build/lib/status_panel/qwiic_oled_base_py/docs/images
[11.403s] creating /home/pitosalas/linorobot2_ws/src/status_panel/build/status_panel/build/lib/status_panel/qwiic_oled_base_py/docs/_static
[11.406s] copying status_panel/qwiic_oled_base_py/docs/_static/favicon.ico -> /home/pitosalas/linorobot2_ws/src/status_panel/build/status_panel/build/lib/status_panel/qwiic_oled_base_py/docs/_static
[11.409s] creating /home/pitosalas/linorobot2_ws/src/status_panel/build/status_panel/build/lib/status_panel/build
[11.410s] copying status_panel/build/COLCON_IGNORE -> /home/pitosalas/linorobot2_ws/src/status_panel/build/status_panel/build/lib/status_panel/build
[11.412s] running install
[11.441s] running install_lib
[11.709s] copying /home/pitosalas/linorobot2_ws/src/status_panel/build/status_panel/build/lib/status_panel/display2.py -> /home/pitosalas/linorobot2_ws/src/status_panel/install/status_panel/lib/python3.12/site-packages/status_panel
[11.711s] creating /home/pitosalas/linorobot2_ws/src/status_panel/install/status_panel/lib/python3.12/site-packages/status_panel/install
[11.715s] copying /home/pitosalas/linorobot2_ws/src/status_panel/build/status_panel/build/lib/status_panel/install/setup.ps1 -> /home/pitosalas/linorobot2_ws/src/status_panel/install/status_panel/lib/python3.12/site-packages/status_panel/install
[11.717s] copying /home/pitosalas/linorobot2_ws/src/status_panel/build/status_panel/build/lib/status_panel/install/local_setup.sh -> /home/pitosalas/linorobot2_ws/src/status_panel/install/status_panel/lib/python3.12/site-packages/status_panel/install
[11.722s] copying /home/pitosalas/linorobot2_ws/src/status_panel/build/status_panel/build/lib/status_panel/install/_local_setup_util_sh.py -> /home/pitosalas/linorobot2_ws/src/status_panel/install/status_panel/lib/python3.12/site-packages/status_panel/install
[11.726s] copying /home/pitosalas/linorobot2_ws/src/status_panel/build/status_panel/build/lib/status_panel/install/setup.bash -> /home/pitosalas/linorobot2_ws/src/status_panel/install/status_panel/lib/python3.12/site-packages/status_panel/install
[11.734s] copying /home/pitosalas/linorobot2_ws/src/status_panel/build/status_panel/build/lib/status_panel/install/setup.zsh -> /home/pitosalas/linorobot2_ws/src/status_panel/install/status_panel/lib/python3.12/site-packages/status_panel/install
[11.735s] copying /home/pitosalas/linorobot2_ws/src/status_panel/build/status_panel/build/lib/status_panel/install/local_setup.zsh -> /home/pitosalas/linorobot2_ws/src/status_panel/install/status_panel/lib/python3.12/site-packages/status_panel/install
[11.738s] copying /home/pitosalas/linorobot2_ws/src/status_panel/build/status_panel/build/lib/status_panel/install/local_setup.bash -> /home/pitosalas/linorobot2_ws/src/status_panel/install/status_panel/lib/python3.12/site-packages/status_panel/install
[11.740s] copying /home/pitosalas/linorobot2_ws/src/status_panel/build/status_panel/build/lib/status_panel/install/COLCON_IGNORE -> /home/pitosalas/linorobot2_ws/src/status_panel/install/status_panel/lib/python3.12/site-packages/status_panel/install
[11.742s] copying /home/pitosalas/linorobot2_ws/src/status_panel/build/status_panel/build/lib/status_panel/install/_local_setup_util_ps1.py -> /home/pitosalas/linorobot2_ws/src/status_panel/install/status_panel/lib/python3.12/site-packages/status_panel/install
[11.745s] copying /home/pitosalas/linorobot2_ws/src/status_panel/build/status_panel/build/lib/status_panel/install/local_setup.ps1 -> /home/pitosalas/linorobot2_ws/src/status_panel/install/status_panel/lib/python3.12/site-packages/status_panel/install
[11.746s] copying /home/pitosalas/linorobot2_ws/src/status_panel/build/status_panel/build/lib/status_panel/install/setup.sh -> /home/pitosalas/linorobot2_ws/src/status_panel/install/status_panel/lib/python3.12/site-packages/status_panel/install
[11.747s] copying /home/pitosalas/linorobot2_ws/src/status_panel/build/status_panel/build/lib/status_panel/status_panel_node.py -> /home/pitosalas/linorobot2_ws/src/status_panel/install/status_panel/lib/python3.12/site-packages/status_panel
[11.748s] creating /home/pitosalas/linorobot2_ws/src/status_panel/install/status_panel/lib/python3.12/site-packages/status_panel/qwiic_oled_base_py
[11.749s] copying /home/pitosalas/linorobot2_ws/src/status_panel/build/status_panel/build/lib/status_panel/qwiic_oled_base_py/LICENSE -> /home/pitosalas/linorobot2_ws/src/status_panel/install/status_panel/lib/python3.12/site-packages/status_panel/qwiic_oled_base_py
[11.750s] copying /home/pitosalas/linorobot2_ws/src/status_panel/build/status_panel/build/lib/status_panel/qwiic_oled_base_py/MANIFEST.in -> /home/pitosalas/linorobot2_ws/src/status_panel/install/status_panel/lib/python3.12/site-packages/status_panel/qwiic_oled_base_py
[11.751s] copying /home/pitosalas/linorobot2_ws/src/status_panel/build/status_panel/build/lib/status_panel/qwiic_oled_base_py/DESCRIPTION.rst -> /home/pitosalas/linorobot2_ws/src/status_panel/install/status_panel/lib/python3.12/site-packages/status_panel/qwiic_oled_base_py
[11.752s] copying /home/pitosalas/linorobot2_ws/src/status_panel/build/status_panel/build/lib/status_panel/qwiic_oled_base_py/requirements.txt -> /home/pitosalas/linorobot2_ws/src/status_panel/install/status_panel/lib/python3.12/site-packages/status_panel/qwiic_oled_base_py
[11.753s] creating /home/pitosalas/linorobot2_ws/src/status_panel/install/status_panel/lib/python3.12/site-packages/status_panel/qwiic_oled_base_py/examples
[11.754s] copying /home/pitosalas/linorobot2_ws/src/status_panel/build/status_panel/build/lib/status_panel/qwiic_oled_base_py/examples/ex3_demo.py -> /home/pitosalas/linorobot2_ws/src/status_panel/install/status_panel/lib/python3.12/site-packages/status_panel/qwiic_oled_base_py/examples
[11.754s] copying /home/pitosalas/linorobot2_ws/src/status_panel/build/status_panel/build/lib/status_panel/qwiic_oled_base_py/examples/ex2_hello_world.py -> /home/pitosalas/linorobot2_ws/src/status_panel/install/status_panel/lib/python3.12/site-packages/status_panel/qwiic_oled_base_py/examples
[11.756s] copying /home/pitosalas/linorobot2_ws/src/status_panel/build/status_panel/build/lib/status_panel/qwiic_oled_base_py/examples/ex5_micro_bitmap.py -> /home/pitosalas/linorobot2_ws/src/status_panel/install/status_panel/lib/python3.12/site-packages/status_panel/qwiic_oled_base_py/examples
[11.757s] copying /home/pitosalas/linorobot2_ws/src/status_panel/build/status_panel/build/lib/status_panel/qwiic_oled_base_py/examples/ex1_splash_screen.py -> /home/pitosalas/linorobot2_ws/src/status_panel/install/status_panel/lib/python3.12/site-packages/status_panel/qwiic_oled_base_py/examples
[11.758s] copying /home/pitosalas/linorobot2_ws/src/status_panel/build/status_panel/build/lib/status_panel/qwiic_oled_base_py/examples/README.md -> /home/pitosalas/linorobot2_ws/src/status_panel/install/status_panel/lib/python3.12/site-packages/status_panel/qwiic_oled_base_py/examples
[11.758s] copying /home/pitosalas/linorobot2_ws/src/status_panel/build/status_panel/build/lib/status_panel/qwiic_oled_base_py/examples/ex4_cube.py -> /home/pitosalas/linorobot2_ws/src/status_panel/install/status_panel/lib/python3.12/site-packages/status_panel/qwiic_oled_base_py/examples
[11.761s] copying /home/pitosalas/linorobot2_ws/src/status_panel/build/status_panel/build/lib/status_panel/qwiic_oled_base_py/package.json -> /home/pitosalas/linorobot2_ws/src/status_panel/install/status_panel/lib/python3.12/site-packages/status_panel/qwiic_oled_base_py
[11.764s] copying /home/pitosalas/linorobot2_ws/src/status_panel/build/status_panel/build/lib/status_panel/qwiic_oled_base_py/pyproject.toml -> /home/pitosalas/linorobot2_ws/src/status_panel/install/status_panel/lib/python3.12/site-packages/status_panel/qwiic_oled_base_py
[11.765s] copying /home/pitosalas/linorobot2_ws/src/status_panel/build/status_panel/build/lib/status_panel/qwiic_oled_base_py/README.md -> /home/pitosalas/linorobot2_ws/src/status_panel/install/status_panel/lib/python3.12/site-packages/status_panel/qwiic_oled_base_py
[11.766s] creating /home/pitosalas/linorobot2_ws/src/status_panel/install/status_panel/lib/python3.12/site-packages/status_panel/qwiic_oled_base_py/qwiic_oled
[11.769s] copying /home/pitosalas/linorobot2_ws/src/status_panel/build/status_panel/build/lib/status_panel/qwiic_oled_base_py/qwiic_oled/oled_logos.py -> /home/pitosalas/linorobot2_ws/src/status_panel/install/status_panel/lib/python3.12/site-packages/status_panel/qwiic_oled_base_py/qwiic_oled
[11.771s] copying /home/pitosalas/linorobot2_ws/src/status_panel/build/status_panel/build/lib/status_panel/qwiic_oled_base_py/qwiic_oled/qwiic_oled_base.py -> /home/pitosalas/linorobot2_ws/src/status_panel/install/status_panel/lib/python3.12/site-packages/status_panel/qwiic_oled_base_py/qwiic_oled
[11.773s] copying /home/pitosalas/linorobot2_ws/src/status_panel/build/status_panel/build/lib/status_panel/qwiic_oled_base_py/qwiic_oled/qwiic_oled_display.py -> /home/pitosalas/linorobot2_ws/src/status_panel/install/status_panel/lib/python3.12/site-packages/status_panel/qwiic_oled_base_py/qwiic_oled
[11.773s] copying /home/pitosalas/linorobot2_ws/src/status_panel/build/status_panel/build/lib/status_panel/qwiic_oled_base_py/qwiic_oled/__init__.py -> /home/pitosalas/linorobot2_ws/src/status_panel/install/status_panel/lib/python3.12/site-packages/status_panel/qwiic_oled_base_py/qwiic_oled
[11.774s] creating /home/pitosalas/linorobot2_ws/src/status_panel/install/status_panel/lib/python3.12/site-packages/status_panel/qwiic_oled_base_py/qwiic_oled/fonts
[11.775s] copying /home/pitosalas/linorobot2_ws/src/status_panel/build/status_panel/build/lib/status_panel/qwiic_oled_base_py/qwiic_oled/fonts/2_7segment.bin -> /home/pitosalas/linorobot2_ws/src/status_panel/install/status_panel/lib/python3.12/site-packages/status_panel/qwiic_oled_base_py/qwiic_oled/fonts
[11.776s] copying /home/pitosalas/linorobot2_ws/src/status_panel/build/status_panel/build/lib/status_panel/qwiic_oled_base_py/qwiic_oled/fonts/0_font5x7.bin -> /home/pitosalas/linorobot2_ws/src/status_panel/install/status_panel/lib/python3.12/site-packages/status_panel/qwiic_oled_base_py/qwiic_oled/fonts
[11.776s] copying /home/pitosalas/linorobot2_ws/src/status_panel/build/status_panel/build/lib/status_panel/qwiic_oled_base_py/qwiic_oled/fonts/3_fontlargenumber.bin -> /home/pitosalas/linorobot2_ws/src/status_panel/install/status_panel/lib/python3.12/site-packages/status_panel/qwiic_oled_base_py/qwiic_oled/fonts
[11.777s] copying /home/pitosalas/linorobot2_ws/src/status_panel/build/status_panel/build/lib/status_panel/qwiic_oled_base_py/qwiic_oled/fonts/1_font8x16.bin -> /home/pitosalas/linorobot2_ws/src/status_panel/install/status_panel/lib/python3.12/site-packages/status_panel/qwiic_oled_base_py/qwiic_oled/fonts
[11.778s] copying /home/pitosalas/linorobot2_ws/src/status_panel/build/status_panel/build/lib/status_panel/qwiic_oled_base_py/qwiic_oled/fonts/4_fontlargeletter31x48.bin -> /home/pitosalas/linorobot2_ws/src/status_panel/install/status_panel/lib/python3.12/site-packages/status_panel/qwiic_oled_base_py/qwiic_oled/fonts
[11.779s] copying /home/pitosalas/linorobot2_ws/src/status_panel/build/status_panel/build/lib/status_panel/qwiic_oled_base_py/qwiic_oled/oled_fonts.py -> /home/pitosalas/linorobot2_ws/src/status_panel/install/status_panel/lib/python3.12/site-packages/status_panel/qwiic_oled_base_py/qwiic_oled
[11.780s] copying /home/pitosalas/linorobot2_ws/src/status_panel/build/status_panel/build/lib/status_panel/qwiic_oled_base_py/qwiic_oled/qwiic_micro_oled.py -> /home/pitosalas/linorobot2_ws/src/status_panel/install/status_panel/lib/python3.12/site-packages/status_panel/qwiic_oled_base_py/qwiic_oled
[11.781s] copying /home/pitosalas/linorobot2_ws/src/status_panel/build/status_panel/build/lib/status_panel/qwiic_oled_base_py/qwiic_oled/qwiic_large_oled.py -> /home/pitosalas/linorobot2_ws/src/status_panel/install/status_panel/lib/python3.12/site-packages/status_panel/qwiic_oled_base_py/qwiic_oled
[11.781s] creating /home/pitosalas/linorobot2_ws/src/status_panel/install/status_panel/lib/python3.12/site-packages/status_panel/qwiic_oled_base_py/docs
[11.782s] creating /home/pitosalas/linorobot2_ws/src/status_panel/install/status_panel/lib/python3.12/site-packages/status_panel/qwiic_oled_base_py/docs/doxygen
[11.783s] creating /home/pitosalas/linorobot2_ws/src/status_panel/install/status_panel/lib/python3.12/site-packages/status_panel/qwiic_oled_base_py/docs/doxygen/doxygen-custom
[11.784s] copying /home/pitosalas/linorobot2_ws/src/status_panel/build/status_panel/build/lib/status_panel/qwiic_oled_base_py/docs/doxygen/doxygen-custom/header.html -> /home/pitosalas/linorobot2_ws/src/status_panel/install/status_panel/lib/python3.12/site-packages/status_panel/qwiic_oled_base_py/docs/doxygen/doxygen-custom
[11.784s] copying /home/pitosalas/linorobot2_ws/src/status_panel/build/status_panel/build/lib/status_panel/qwiic_oled_base_py/docs/doxygen/doxygen-custom/custom.css -> /home/pitosalas/linorobot2_ws/src/status_panel/install/status_panel/lib/python3.12/site-packages/status_panel/qwiic_oled_base_py/docs/doxygen/doxygen-custom
[11.785s] copying /home/pitosalas/linorobot2_ws/src/status_panel/build/status_panel/build/lib/status_panel/qwiic_oled_base_py/docs/doxygen/doxygen-config -> /home/pitosalas/linorobot2_ws/src/status_panel/install/status_panel/lib/python3.12/site-packages/status_panel/qwiic_oled_base_py/docs/doxygen
[11.786s] creating /home/pitosalas/linorobot2_ws/src/status_panel/install/status_panel/lib/python3.12/site-packages/status_panel/qwiic_oled_base_py/docs/doxygen/doxygen-awesome-css
[11.787s] copying /home/pitosalas/linorobot2_ws/src/status_panel/build/status_panel/build/lib/status_panel/qwiic_oled_base_py/docs/doxygen/doxygen-awesome-css/doxygen-awesome-sidebar-only.css -> /home/pitosalas/linorobot2_ws/src/status_panel/install/status_panel/lib/python3.12/site-packages/status_panel/qwiic_oled_base_py/docs/doxygen/doxygen-awesome-css
[11.788s] copying /home/pitosalas/linorobot2_ws/src/status_panel/build/status_panel/build/lib/status_panel/qwiic_oled_base_py/docs/doxygen/doxygen-awesome-css/logo.drawio.svg -> /home/pitosalas/linorobot2_ws/src/status_panel/install/status_panel/lib/python3.12/site-packages/status_panel/qwiic_oled_base_py/docs/doxygen/doxygen-awesome-css
[11.789s] copying /home/pitosalas/linorobot2_ws/src/status_panel/build/status_panel/build/lib/status_panel/qwiic_oled_base_py/docs/doxygen/doxygen-awesome-css/Doxyfile -> /home/pitosalas/linorobot2_ws/src/status_panel/install/status_panel/lib/python3.12/site-packages/status_panel/qwiic_oled_base_py/docs/doxygen/doxygen-awesome-css
[11.790s] copying /home/pitosalas/linorobot2_ws/src/status_panel/build/status_panel/build/lib/status_panel/qwiic_oled_base_py/docs/doxygen/doxygen-awesome-css/LICENSE -> /home/pitosalas/linorobot2_ws/src/status_panel/install/status_panel/lib/python3.12/site-packages/status_panel/qwiic_oled_base_py/docs/doxygen/doxygen-awesome-css
[11.791s] copying /home/pitosalas/linorobot2_ws/src/status_panel/build/status_panel/build/lib/status_panel/qwiic_oled_base_py/docs/doxygen/doxygen-awesome-css/Makefile -> /home/pitosalas/linorobot2_ws/src/status_panel/install/status_panel/lib/python3.12/site-packages/status_panel/qwiic_oled_base_py/docs/doxygen/doxygen-awesome-css
[11.792s] copying /home/pitosalas/linorobot2_ws/src/status_panel/build/status_panel/build/lib/status_panel/qwiic_oled_base_py/docs/doxygen/doxygen-awesome-css/doxygen-awesome-interactive-toc.js -> /home/pitosalas/linorobot2_ws/src/status_panel/install/status_panel/lib/python3.12/site-packages/status_panel/qwiic_oled_base_py/docs/doxygen/doxygen-awesome-css
[11.793s] copying /home/pitosalas/linorobot2_ws/src/status_panel/build/status_panel/build/lib/status_panel/qwiic_oled_base_py/docs/doxygen/doxygen-awesome-css/doxygen-awesome-sidebar-only-darkmode-toggle.css -> /home/pitosalas/linorobot2_ws/src/status_panel/install/status_panel/lib/python3.12/site-packages/status_panel/qwiic_oled_base_py/docs/doxygen/doxygen-awesome-css
[11.794s] copying /home/pitosalas/linorobot2_ws/src/status_panel/build/status_panel/build/lib/status_panel/qwiic_oled_base_py/docs/doxygen/doxygen-awesome-css/doxygen-awesome-paragraph-link.js -> /home/pitosalas/linorobot2_ws/src/status_panel/install/status_panel/lib/python3.12/site-packages/status_panel/qwiic_oled_base_py/docs/doxygen/doxygen-awesome-css
[11.795s] creating /home/pitosalas/linorobot2_ws/src/status_panel/install/status_panel/lib/python3.12/site-packages/status_panel/qwiic_oled_base_py/docs/doxygen/doxygen-awesome-css/doxygen-custom
[11.796s] copying /home/pitosalas/linorobot2_ws/src/status_panel/build/status_panel/build/lib/status_panel/qwiic_oled_base_py/docs/doxygen/doxygen-awesome-css/doxygen-custom/header.html -> /home/pitosalas/linorobot2_ws/src/status_panel/install/status_panel/lib/python3.12/site-packages/status_panel/qwiic_oled_base_py/docs/doxygen/doxygen-awesome-css/doxygen-custom
[11.797s] copying /home/pitosalas/linorobot2_ws/src/status_panel/build/status_panel/build/lib/status_panel/qwiic_oled_base_py/docs/doxygen/doxygen-awesome-css/doxygen-custom/custom.css -> /home/pitosalas/linorobot2_ws/src/status_panel/install/status_panel/lib/python3.12/site-packages/status_panel/qwiic_oled_base_py/docs/doxygen/doxygen-awesome-css/doxygen-custom
[11.798s] copying /home/pitosalas/linorobot2_ws/src/status_panel/build/status_panel/build/lib/status_panel/qwiic_oled_base_py/docs/doxygen/doxygen-awesome-css/doxygen-custom/toggle-alternative-theme.js -> /home/pitosalas/linorobot2_ws/src/status_panel/install/status_panel/lib/python3.12/site-packages/status_panel/qwiic_oled_base_py/docs/doxygen/doxygen-awesome-css/doxygen-custom
[11.798s] copying /home/pitosalas/linorobot2_ws/src/status_panel/build/status_panel/build/lib/status_panel/qwiic_oled_base_py/docs/doxygen/doxygen-awesome-css/doxygen-custom/custom-alternative.css -> /home/pitosalas/linorobot2_ws/src/status_panel/install/status_panel/lib/python3.12/site-packages/status_panel/qwiic_oled_base_py/docs/doxygen/doxygen-awesome-css/doxygen-custom
[11.799s] copying /home/pitosalas/linorobot2_ws/src/status_panel/build/status_panel/build/lib/status_panel/qwiic_oled_base_py/docs/doxygen/doxygen-awesome-css/doxygen-awesome.css -> /home/pitosalas/linorobot2_ws/src/status_panel/install/status_panel/lib/python3.12/site-packages/status_panel/qwiic_oled_base_py/docs/doxygen/doxygen-awesome-css
[11.800s] copying /home/pitosalas/linorobot2_ws/src/status_panel/build/status_panel/build/lib/status_panel/qwiic_oled_base_py/docs/doxygen/doxygen-awesome-css/doxygen-awesome-darkmode-toggle.js -> /home/pitosalas/linorobot2_ws/src/status_panel/install/status_panel/lib/python3.12/site-packages/status_panel/qwiic_oled_base_py/docs/doxygen/doxygen-awesome-css
[11.801s] creating /home/pitosalas/linorobot2_ws/src/status_panel/install/status_panel/lib/python3.12/site-packages/status_panel/qwiic_oled_base_py/docs/doxygen/doxygen-awesome-css/img
[11.803s] copying /home/pitosalas/linorobot2_ws/src/status_panel/build/status_panel/build/lib/status_panel/qwiic_oled_base_py/docs/doxygen/doxygen-awesome-css/img/theme-variants-sidebar-only.drawio.svg -> /home/pitosalas/linorobot2_ws/src/status_panel/install/status_panel/lib/python3.12/site-packages/status_panel/qwiic_oled_base_py/docs/doxygen/doxygen-awesome-css/img
[11.804s] copying /home/pitosalas/linorobot2_ws/src/status_panel/build/status_panel/build/lib/status_panel/qwiic_oled_base_py/docs/doxygen/doxygen-awesome-css/img/theme-variants-base.drawio.svg -> /home/pitosalas/linorobot2_ws/src/status_panel/install/status_panel/lib/python3.12/site-packages/status_panel/qwiic_oled_base_py/docs/doxygen/doxygen-awesome-css/img
[11.805s] copying /home/pitosalas/linorobot2_ws/src/status_panel/build/status_panel/build/lib/status_panel/qwiic_oled_base_py/docs/doxygen/doxygen-awesome-css/img/testimage.png -> /home/pitosalas/linorobot2_ws/src/status_panel/install/status_panel/lib/python3.12/site-packages/status_panel/qwiic_oled_base_py/docs/doxygen/doxygen-awesome-css/img
[11.807s] copying /home/pitosalas/linorobot2_ws/src/status_panel/build/status_panel/build/lib/status_panel/qwiic_oled_base_py/docs/doxygen/doxygen-awesome-css/img/screenshot.png -> /home/pitosalas/linorobot2_ws/src/status_panel/install/status_panel/lib/python3.12/site-packages/status_panel/qwiic_oled_base_py/docs/doxygen/doxygen-awesome-css/img
[11.810s] copying /home/pitosalas/linorobot2_ws/src/status_panel/build/status_panel/build/lib/status_panel/qwiic_oled_base_py/docs/doxygen/doxygen-awesome-css/package.json -> /home/pitosalas/linorobot2_ws/src/status_panel/install/status_panel/lib/python3.12/site-packages/status_panel/qwiic_oled_base_py/docs/doxygen/doxygen-awesome-css
[11.811s] copying /home/pitosalas/linorobot2_ws/src/status_panel/build/status_panel/build/lib/status_panel/qwiic_oled_base_py/docs/doxygen/doxygen-awesome-css/doxygen-awesome-tabs.js -> /home/pitosalas/linorobot2_ws/src/status_panel/install/status_panel/lib/python3.12/site-packages/status_panel/qwiic_oled_base_py/docs/doxygen/doxygen-awesome-css
[11.813s] copying /home/pitosalas/linorobot2_ws/src/status_panel/build/status_panel/build/lib/status_panel/qwiic_oled_base_py/docs/doxygen/doxygen-awesome-css/README.md -> /home/pitosalas/linorobot2_ws/src/status_panel/install/status_panel/lib/python3.12/site-packages/status_panel/qwiic_oled_base_py/docs/doxygen/doxygen-awesome-css
[11.814s] copying /home/pitosalas/linorobot2_ws/src/status_panel/build/status_panel/build/lib/status_panel/qwiic_oled_base_py/docs/doxygen/doxygen-awesome-css/doxygen-awesome-fragment-copy-button.js -> /home/pitosalas/linorobot2_ws/src/status_panel/install/status_panel/lib/python3.12/site-packages/status_panel/qwiic_oled_base_py/docs/doxygen/doxygen-awesome-css
[11.816s] creating /home/pitosalas/linorobot2_ws/src/status_panel/install/status_panel/lib/python3.12/site-packages/status_panel/qwiic_oled_base_py/docs/doxygen/doxygen-awesome-css/docs
[11.819s] copying /home/pitosalas/linorobot2_ws/src/status_panel/build/status_panel/build/lib/status_panel/qwiic_oled_base_py/docs/doxygen/doxygen-awesome-css/docs/extensions.md -> /home/pitosalas/linorobot2_ws/src/status_panel/install/status_panel/lib/python3.12/site-packages/status_panel/qwiic_oled_base_py/docs/doxygen/doxygen-awesome-css/docs
[11.820s] copying /home/pitosalas/linorobot2_ws/src/status_panel/build/status_panel/build/lib/status_panel/qwiic_oled_base_py/docs/doxygen/doxygen-awesome-css/docs/customization.md -> /home/pitosalas/linorobot2_ws/src/status_panel/install/status_panel/lib/python3.12/site-packages/status_panel/qwiic_oled_base_py/docs/doxygen/doxygen-awesome-css/docs
[11.822s] creating /home/pitosalas/linorobot2_ws/src/status_panel/install/status_panel/lib/python3.12/site-packages/status_panel/qwiic_oled_base_py/docs/doxygen/doxygen-awesome-css/docs/img
[11.822s] copying /home/pitosalas/linorobot2_ws/src/status_panel/build/status_panel/build/lib/status_panel/qwiic_oled_base_py/docs/doxygen/doxygen-awesome-css/docs/img/interactive_toc_mobile.png -> /home/pitosalas/linorobot2_ws/src/status_panel/install/status_panel/lib/python3.12/site-packages/status_panel/qwiic_oled_base_py/docs/doxygen/doxygen-awesome-css/docs/img
[11.824s] copying /home/pitosalas/linorobot2_ws/src/status_panel/build/status_panel/build/lib/status_panel/qwiic_oled_base_py/docs/doxygen/doxygen-awesome-css/docs/img/fancy_scrollbars_webkit.gif -> /home/pitosalas/linorobot2_ws/src/status_panel/install/status_panel/lib/python3.12/site-packages/status_panel/qwiic_oled_base_py/docs/doxygen/doxygen-awesome-css/docs/img
[11.862s] copying /home/pitosalas/linorobot2_ws/src/status_panel/build/status_panel/build/lib/status_panel/qwiic_oled_base_py/docs/doxygen/doxygen-awesome-css/docs/img/fancy_scrollbars_firefox.png -> /home/pitosalas/linorobot2_ws/src/status_panel/install/status_panel/lib/python3.12/site-packages/status_panel/qwiic_oled_base_py/docs/doxygen/doxygen-awesome-css/docs/img
[11.866s] copying /home/pitosalas/linorobot2_ws/src/status_panel/build/status_panel/build/lib/status_panel/qwiic_oled_base_py/docs/doxygen/doxygen-awesome-css/docs/img/darkmode_toggle.png -> /home/pitosalas/linorobot2_ws/src/status_panel/install/status_panel/lib/python3.12/site-packages/status_panel/qwiic_oled_base_py/docs/doxygen/doxygen-awesome-css/docs/img
[11.867s] copying /home/pitosalas/linorobot2_ws/src/status_panel/build/status_panel/build/lib/status_panel/qwiic_oled_base_py/docs/doxygen/doxygen-awesome-css/docs/img/fragment_copy_button.png -> /home/pitosalas/linorobot2_ws/src/status_panel/install/status_panel/lib/python3.12/site-packages/status_panel/qwiic_oled_base_py/docs/doxygen/doxygen-awesome-css/docs/img
[11.871s] copying /home/pitosalas/linorobot2_ws/src/status_panel/build/status_panel/build/lib/status_panel/qwiic_oled_base_py/docs/doxygen/doxygen-awesome-css/docs/img/paragraph_link.png -> /home/pitosalas/linorobot2_ws/src/status_panel/install/status_panel/lib/python3.12/site-packages/status_panel/qwiic_oled_base_py/docs/doxygen/doxygen-awesome-css/docs/img
[11.875s] copying /home/pitosalas/linorobot2_ws/src/status_panel/build/status_panel/build/lib/status_panel/qwiic_oled_base_py/docs/doxygen/doxygen-awesome-css/docs/tricks.md -> /home/pitosalas/linorobot2_ws/src/status_panel/install/status_panel/lib/python3.12/site-packages/status_panel/qwiic_oled_base_py/docs/doxygen/doxygen-awesome-css/docs
[11.877s] creating /home/pitosalas/linorobot2_ws/src/status_panel/install/status_panel/lib/python3.12/site-packages/status_panel/qwiic_oled_base_py/docs/doxygen/doxygen-awesome-css/include
[11.879s] creating /home/pitosalas/linorobot2_ws/src/status_panel/install/status_panel/lib/python3.12/site-packages/status_panel/qwiic_oled_base_py/docs/doxygen/doxygen-awesome-css/include/MyLibrary
[11.880s] copying /home/pitosalas/linorobot2_ws/src/status_panel/build/status_panel/build/lib/status_panel/qwiic_oled_base_py/docs/doxygen/doxygen-awesome-css/include/MyLibrary/example.hpp -> /home/pitosalas/linorobot2_ws/src/status_panel/install/status_panel/lib/python3.12/site-packages/status_panel/qwiic_oled_base_py/docs/doxygen/doxygen-awesome-css/include/MyLibrary
[11.886s] copying /home/pitosalas/linorobot2_ws/src/status_panel/build/status_panel/build/lib/status_panel/qwiic_oled_base_py/docs/doxygen/doxygen-awesome-css/include/MyLibrary/subclass-example.hpp -> /home/pitosalas/linorobot2_ws/src/status_panel/install/status_panel/lib/python3.12/site-packages/status_panel/qwiic_oled_base_py/docs/doxygen/doxygen-awesome-css/include/MyLibrary
[11.890s] copying /home/pitosalas/linorobot2_ws/src/status_panel/build/status_panel/build/lib/status_panel/qwiic_oled_base_py/docs/requirements.txt -> /home/pitosalas/linorobot2_ws/src/status_panel/install/status_panel/lib/python3.12/site-packages/status_panel/qwiic_oled_base_py/docs
[11.894s] creating /home/pitosalas/linorobot2_ws/src/status_panel/install/status_panel/lib/python3.12/site-packages/status_panel/qwiic_oled_base_py/docs/images
[11.894s] copying /home/pitosalas/linorobot2_ws/src/status_panel/build/status_panel/build/lib/status_panel/qwiic_oled_base_py/docs/images/gh-banner.png -> /home/pitosalas/linorobot2_ws/src/status_panel/install/status_panel/lib/python3.12/site-packages/status_panel/qwiic_oled_base_py/docs/images
[11.895s] copying /home/pitosalas/linorobot2_ws/src/status_panel/build/status_panel/build/lib/status_panel/qwiic_oled_base_py/docs/images/sfe_flame.png -> /home/pitosalas/linorobot2_ws/src/status_panel/install/status_panel/lib/python3.12/site-packages/status_panel/qwiic_oled_base_py/docs/images
[11.900s] creating /home/pitosalas/linorobot2_ws/src/status_panel/install/status_panel/lib/python3.12/site-packages/status_panel/qwiic_oled_base_py/docs/_static
[11.901s] copying /home/pitosalas/linorobot2_ws/src/status_panel/build/status_panel/build/lib/status_panel/qwiic_oled_base_py/docs/_static/favicon.ico -> /home/pitosalas/linorobot2_ws/src/status_panel/install/status_panel/lib/python3.12/site-packages/status_panel/qwiic_oled_base_py/docs/_static
[11.903s] copying /home/pitosalas/linorobot2_ws/src/status_panel/build/status_panel/build/lib/status_panel/display1.py -> /home/pitosalas/linorobot2_ws/src/status_panel/install/status_panel/lib/python3.12/site-packages/status_panel
[11.903s] creating /home/pitosalas/linorobot2_ws/src/status_panel/install/status_panel/lib/python3.12/site-packages/status_panel/build
[11.905s] copying /home/pitosalas/linorobot2_ws/src/status_panel/build/status_panel/build/lib/status_panel/build/COLCON_IGNORE -> /home/pitosalas/linorobot2_ws/src/status_panel/install/status_panel/lib/python3.12/site-packages/status_panel/build
[11.906s] copying /home/pitosalas/linorobot2_ws/src/status_panel/build/status_panel/build/lib/status_panel/demo.py -> /home/pitosalas/linorobot2_ws/src/status_panel/install/status_panel/lib/python3.12/site-packages/status_panel
[11.907s] byte-compiling /home/pitosalas/linorobot2_ws/src/status_panel/install/status_panel/lib/python3.12/site-packages/status_panel/display2.py to display2.cpython-312.pyc
[11.908s] byte-compiling /home/pitosalas/linorobot2_ws/src/status_panel/install/status_panel/lib/python3.12/site-packages/status_panel/install/_local_setup_util_sh.py to _local_setup_util_sh.cpython-312.pyc
[11.923s] byte-compiling /home/pitosalas/linorobot2_ws/src/status_panel/install/status_panel/lib/python3.12/site-packages/status_panel/install/_local_setup_util_ps1.py to _local_setup_util_ps1.cpython-312.pyc
[11.934s] byte-compiling /home/pitosalas/linorobot2_ws/src/status_panel/install/status_panel/lib/python3.12/site-packages/status_panel/status_panel_node.py to status_panel_node.cpython-312.pyc
[11.938s] byte-compiling /home/pitosalas/linorobot2_ws/src/status_panel/install/status_panel/lib/python3.12/site-packages/status_panel/qwiic_oled_base_py/examples/ex3_demo.py to ex3_demo.cpython-312.pyc
[11.948s] byte-compiling /home/pitosalas/linorobot2_ws/src/status_panel/install/status_panel/lib/python3.12/site-packages/status_panel/qwiic_oled_base_py/examples/ex2_hello_world.py to ex2_hello_world.cpython-312.pyc
[11.954s] byte-compiling /home/pitosalas/linorobot2_ws/src/status_panel/install/status_panel/lib/python3.12/site-packages/status_panel/qwiic_oled_base_py/examples/ex5_micro_bitmap.py to ex5_micro_bitmap.cpython-312.pyc
[11.958s] byte-compiling /home/pitosalas/linorobot2_ws/src/status_panel/install/status_panel/lib/python3.12/site-packages/status_panel/qwiic_oled_base_py/examples/ex1_splash_screen.py to ex1_splash_screen.cpython-312.pyc
[11.961s] byte-compiling /home/pitosalas/linorobot2_ws/src/status_panel/install/status_panel/lib/python3.12/site-packages/status_panel/qwiic_oled_base_py/examples/ex4_cube.py to ex4_cube.cpython-312.pyc
[11.965s] byte-compiling /home/pitosalas/linorobot2_ws/src/status_panel/install/status_panel/lib/python3.12/site-packages/status_panel/qwiic_oled_base_py/qwiic_oled/oled_logos.py to oled_logos.cpython-312.pyc
[11.979s] byte-compiling /home/pitosalas/linorobot2_ws/src/status_panel/install/status_panel/lib/python3.12/site-packages/status_panel/qwiic_oled_base_py/qwiic_oled/qwiic_oled_base.py to qwiic_oled_base.cpython-312.pyc
[11.996s] byte-compiling /home/pitosalas/linorobot2_ws/src/status_panel/install/status_panel/lib/python3.12/site-packages/status_panel/qwiic_oled_base_py/qwiic_oled/qwiic_oled_display.py to qwiic_oled_display.cpython-312.pyc
[11.998s] byte-compiling /home/pitosalas/linorobot2_ws/src/status_panel/install/status_panel/lib/python3.12/site-packages/status_panel/qwiic_oled_base_py/qwiic_oled/__init__.py to __init__.cpython-312.pyc
[12.001s] byte-compiling /home/pitosalas/linorobot2_ws/src/status_panel/install/status_panel/lib/python3.12/site-packages/status_panel/qwiic_oled_base_py/qwiic_oled/oled_fonts.py to oled_fonts.cpython-312.pyc
[12.006s] byte-compiling /home/pitosalas/linorobot2_ws/src/status_panel/install/status_panel/lib/python3.12/site-packages/status_panel/qwiic_oled_base_py/qwiic_oled/qwiic_micro_oled.py to qwiic_micro_oled.cpython-312.pyc
[12.008s] byte-compiling /home/pitosalas/linorobot2_ws/src/status_panel/install/status_panel/lib/python3.12/site-packages/status_panel/qwiic_oled_base_py/qwiic_oled/qwiic_large_oled.py to qwiic_large_oled.cpython-312.pyc
[12.011s] byte-compiling /home/pitosalas/linorobot2_ws/src/status_panel/install/status_panel/lib/python3.12/site-packages/status_panel/display1.py to display1.cpython-312.pyc
[12.014s] byte-compiling /home/pitosalas/linorobot2_ws/src/status_panel/install/status_panel/lib/python3.12/site-packages/status_panel/demo.py to demo.cpython-312.pyc
[12.022s] running install_data
[12.023s] running install_egg_info
[12.265s] removing '/home/pitosalas/linorobot2_ws/src/status_panel/install/status_panel/lib/python3.12/site-packages/status_panel-0.1.0-py3.12.egg-info' (and everything under it)
[12.276s] Copying build/status_panel/status_panel.egg-info to /home/pitosalas/linorobot2_ws/src/status_panel/install/status_panel/lib/python3.12/site-packages/status_panel-0.1.0-py3.12.egg-info
[12.288s] running install_scripts
[13.940s] Installing d1 script to /home/pitosalas/linorobot2_ws/src/status_panel/install/status_panel/lib/status_panel
[13.943s] Installing d2 script to /home/pitosalas/linorobot2_ws/src/status_panel/install/status_panel/lib/status_panel
[13.944s] Installing demo script to /home/pitosalas/linorobot2_ws/src/status_panel/install/status_panel/lib/status_panel
[13.944s] Installing display_ros script to /home/pitosalas/linorobot2_ws/src/status_panel/install/status_panel/lib/status_panel
[13.947s] Installing status_panel_node script to /home/pitosalas/linorobot2_ws/src/status_panel/install/status_panel/lib/status_panel
[13.952s] writing list of installed files to '/home/pitosalas/linorobot2_ws/src/status_panel/build/status_panel/install.log'
[14.133s] Invoked command in '/home/pitosalas/linorobot2_ws/src/status_panel' returned '0': PS1=[\h:\w] PYTHONPATH=/home/pitosalas/linorobot2_ws/src/status_panel/build/status_panel/prefix_override:/usr/lib/python3/dist-packages/colcon_core/task/python/colcon_distutils_commands:/home/pitosalas/linorobot2_ws/src/status_panel/install/status_panel/lib/python3.12/site-packages:${PYTHONPATH} /usr/bin/python3 -W ignore:setup.py install is deprecated -W ignore:easy_install command is deprecated setup.py egg_info --egg-base build/status_panel build --build-base /home/pitosalas/linorobot2_ws/src/status_panel/build/status_panel/build install --record /home/pitosalas/linorobot2_ws/src/status_panel/build/status_panel/install.log --single-version-externally-managed install_data
